#
# There is insufficient memory for the Java Runtime Environment to continue.
# Native memory allocation (mmap) failed to map 15728640 bytes. Error detail: G1 virtual space
# Possible reasons:
#   The system is out of physical RAM or swap space
#   This process is running with CompressedOops enabled, and the Java Heap may be blocking the growth of the native heap
# Possible solutions:
#   Reduce memory load on the system
#   Increase physical memory or swap space
#   Check if swap backing store is full
#   Decrease Java heap size (-Xmx/-Xms)
#   Decrease number of Java threads
#   Decrease Java thread stack sizes (-Xss)
#   Set larger code cache with -XX:ReservedCodeCacheSize=
#   JVM is running with Unscaled Compressed Oops mode in which the Java heap is
#     placed in the first 4GB address space. The Java Heap base address is the
#     maximum limit for the native heap growth. Please use -XX:HeapBaseMinAddress
#     to set the Java Heap base and to place the Java Heap above 4GB virtual address.
# This output file may be truncated or incomplete.
#
#  Out of Memory Error (os_windows.cpp:3686), pid=13288, tid=20552
#
# JRE version: OpenJDK Runtime Environment Temurin-21.0.6+7 (21.0.6+7) (build 21.0.6+7-LTS)
# Java VM: OpenJDK 64-Bit Server VM Temurin-21.0.6+7 (21.0.6+7-LTS, mixed mode, emulated-client, sharing, tiered, compressed oops, compressed class ptrs, g1 gc, windows-amd64)
# No core dump will be written. Minidumps are not enabled by default on client versions of Windows
#

---------------  S U M M A R Y ------------

Command Line: -Dcom.sun.management.jmxremote -Dcom.sun.management.jmxremote.port=63733 -Dcom.sun.management.jmxremote.authenticate=false -Dcom.sun.management.jmxremote.ssl=false -Djava.rmi.server.hostname=localhost -Dspring.jmx.enabled=true -Dmanagement.endpoints.jmx.exposure.include=* -Dspring.application.admin.enabled=true -Dspring.output.ansi.enabled=always -XX:TieredStopAtLevel=1 -Dspring.boot.project.name=petTopia -Dfile.encoding=UTF-8 -Dstdout.encoding=UTF-8 -Dstderr.encoding=UTF-8 -XX:+ShowCodeDetailsInExceptionMessages petTopia.PetTopiaApplication

Host: Intel(R) Core(TM) i5-8265U CPU @ 1.60GHz, 8 cores, 7G,  Windows 11 , 64 bit Build 22621 (10.0.22621.4830)
Time: Sat Feb 22 12:57:04 2025  Windows 11 , 64 bit Build 22621 (10.0.22621.4830) elapsed time: 3484.037246 seconds (0d 0h 58m 4s)

---------------  T H R E A D  ---------------

Current thread (0x0000026321fd04a0):  VMThread "VM Thread"          [id=20552, stack(0x000000c78a400000,0x000000c78a500000) (1024K)]

Stack: [0x000000c78a400000,0x000000c78a500000]
Native frames: (J=compiled Java code, j=interpreted, Vv=VM code, C=native code)
V  [jvm.dll+0x6cdee9]
V  [jvm.dll+0x8a83d1]
V  [jvm.dll+0x8aa8fe]
V  [jvm.dll+0x8aafe3]
V  [jvm.dll+0x27f706]
V  [jvm.dll+0x6ca755]
V  [jvm.dll+0x6bea3a]
V  [jvm.dll+0x355d6a]
V  [jvm.dll+0x35d936]
V  [jvm.dll+0x3af58e]
V  [jvm.dll+0x3af838]
V  [jvm.dll+0x329efc]
V  [jvm.dll+0x32c756]
V  [jvm.dll+0x336948]
V  [jvm.dll+0x36be6f]
V  [jvm.dll+0x8b0cff]
V  [jvm.dll+0x8b2084]
V  [jvm.dll+0x8b25c0]
V  [jvm.dll+0x8b2863]
V  [jvm.dll+0x851f8b]
V  [jvm.dll+0x6cc5ed]
C  [ucrtbase.dll+0x29333]
C  [KERNEL32.DLL+0x1259d]
C  [ntdll.dll+0x5af38]

VM_Operation (0x000000c789fff930): G1PauseRemark, mode: safepoint, requested by thread 0x0000026311682340


---------------  P R O C E S S  ---------------

Threads class SMR info:
_java_thread_list=0x000002636a0331e0, length=44, elements={
0x0000026321fedd20, 0x0000026321fee770, 0x0000026321ff0c70, 0x0000026321ff16c0,
0x0000026321ffa5b0, 0x0000026321ffb130, 0x000002632200aa60, 0x00000263220ea740,
0x00000263221430b0, 0x000002632279d590, 0x00000263227a3ec0, 0x00000263227d5f90,
0x0000026368220590, 0x000002636824b990, 0x000002636824ac70, 0x0000026322a27fb0,
0x0000026322a216b0, 0x0000026322a251c0, 0x0000026322a23e10, 0x0000026322a21d40,
0x0000026322a27290, 0x0000026322a23780, 0x000002636acc8cc0, 0x000002636acc9350,
0x000002636acc7910, 0x000002636acca700, 0x000002636acc5ed0, 0x000002636824c6b0,
0x000002636acc99e0, 0x000002636accbab0, 0x000002636acc7fa0, 0x000002636accce60,
0x000002636accd4f0, 0x000002636acc6bf0, 0x0000026322a25850, 0x0000026322a244a0,
0x0000026322a230f0, 0x000002636acca070, 0x0000026322a22a60, 0x000002636824b300,
0x0000026322a25ee0, 0x000002636824c020, 0x000002636accc7d0, 0x0000026322a26570
}

Java Threads: ( => current thread )
  0x0000026321fedd20 JavaThread "Reference Handler"          daemon [_thread_blocked, id=20844, stack(0x000000c78a500000,0x000000c78a600000) (1024K)]
  0x0000026321fee770 JavaThread "Finalizer"                  daemon [_thread_blocked, id=21768, stack(0x000000c78a600000,0x000000c78a700000) (1024K)]
  0x0000026321ff0c70 JavaThread "Signal Dispatcher"          daemon [_thread_blocked, id=4296, stack(0x000000c78a700000,0x000000c78a800000) (1024K)]
  0x0000026321ff16c0 JavaThread "Attach Listener"            daemon [_thread_blocked, id=21724, stack(0x000000c78a800000,0x000000c78a900000) (1024K)]
  0x0000026321ffa5b0 JavaThread "Service Thread"             daemon [_thread_blocked, id=11796, stack(0x000000c78a900000,0x000000c78aa00000) (1024K)]
  0x0000026321ffb130 JavaThread "Monitor Deflation Thread"   daemon [_thread_blocked, id=15868, stack(0x000000c78aa00000,0x000000c78ab00000) (1024K)]
  0x000002632200aa60 JavaThread "C1 CompilerThread0"         daemon [_thread_blocked, id=19496, stack(0x000000c78ab00000,0x000000c78ac00000) (1024K)]
  0x00000263220ea740 JavaThread "Common-Cleaner"             daemon [_thread_blocked, id=20640, stack(0x000000c78ac00000,0x000000c78ad00000) (1024K)]
  0x00000263221430b0 JavaThread "Notification Thread"        daemon [_thread_blocked, id=19844, stack(0x000000c78af00000,0x000000c78b000000) (1024K)]
  0x000002632279d590 JavaThread "RMI TCP Accept-0"           daemon [_thread_in_native, id=20716, stack(0x000000c78b100000,0x000000c78b200000) (1024K)]
  0x00000263227a3ec0 JavaThread "RMI TCP Accept-63733"       daemon [_thread_in_native, id=3244, stack(0x000000c78b200000,0x000000c78b300000) (1024K)]
  0x00000263227d5f90 JavaThread "RMI TCP Accept-0"           daemon [_thread_in_native, id=4976, stack(0x000000c78b300000,0x000000c78b400000) (1024K)]
  0x0000026368220590 JavaThread "RMI Scheduler(0)"           daemon [_thread_blocked, id=6924, stack(0x000000c78be00000,0x000000c78bf00000) (1024K)]
  0x000002636824b990 JavaThread "JMX server connection timeout 38" daemon [_thread_blocked, id=12952, stack(0x000000c78c000000,0x000000c78c100000) (1024K)]
  0x000002636824ac70 JavaThread "Live Reload Server"         daemon [_thread_in_native, id=2500, stack(0x000000c78cb00000,0x000000c78cc00000) (1024K)]
  0x0000026322a27fb0 JavaThread "DestroyJavaVM"                     [_thread_blocked, id=19984, stack(0x000000c789d00000,0x000000c789e00000) (1024K)]
  0x0000026322a216b0 JavaThread "File Watcher"               daemon [_thread_blocked, id=18332, stack(0x000000c78ae00000,0x000000c78af00000) (1024K)]
  0x0000026322a251c0 JavaThread "File Watcher"               daemon [_thread_blocked, id=14616, stack(0x000000c78ad00000,0x000000c78ae00000) (1024K)]
  0x0000026322a23e10 JavaThread "File Watcher"               daemon [_thread_blocked, id=12068, stack(0x000000c78b000000,0x000000c78b100000) (1024K)]
  0x0000026322a21d40 JavaThread "RMI TCP Connection(100)-127.0.0.1" daemon [_thread_in_native, id=3744, stack(0x000000c789c00000,0x000000c789d00000) (1024K)]
  0x0000026322a27290 JavaThread "File Watcher"               daemon [_thread_blocked, id=15452, stack(0x000000c789b00000,0x000000c789c00000) (1024K)]
  0x0000026322a23780 JavaThread "File Watcher"               daemon [_thread_blocked, id=15812, stack(0x000000c78bc00000,0x000000c78bd00000) (1024K)]
  0x000002636acc8cc0 JavaThread "File Watcher"               daemon [_thread_blocked, id=14512, stack(0x000000c78bf00000,0x000000c78c000000) (1024K)]
  0x000002636acc9350 JavaThread "File Watcher"               daemon [_thread_blocked, id=2028, stack(0x000000c78c300000,0x000000c78c400000) (1024K)]
  0x000002636acc7910 JavaThread "File Watcher"               daemon [_thread_blocked, id=9524, stack(0x000000c78c400000,0x000000c78c500000) (1024K)]
  0x000002636acca700 JavaThread "File Watcher"               daemon [_thread_blocked, id=7224, stack(0x000000c789a00000,0x000000c789b00000) (1024K)]
  0x000002636acc5ed0 JavaThread "File Watcher"               daemon [_thread_blocked, id=16120, stack(0x000000c78bd00000,0x000000c78be00000) (1024K)]
  0x000002636824c6b0 JavaThread "Thread-93"                         [_thread_blocked, id=8780, stack(0x000000c78c600000,0x000000c78c700000) (1024K)]
  0x000002636acc99e0 JavaThread "File Watcher"               daemon [_thread_blocked, id=11820, stack(0x000000c78c700000,0x000000c78c800000) (1024K)]
  0x000002636accbab0 JavaThread "File Watcher"               daemon [_thread_blocked, id=1828, stack(0x000000c78bb00000,0x000000c78bc00000) (1024K)]
  0x000002636acc7fa0 JavaThread "File Watcher"               daemon [_thread_blocked, id=19540, stack(0x000000c78c100000,0x000000c78c200000) (1024K)]
  0x000002636accce60 JavaThread "File Watcher"               daemon [_thread_blocked, id=19012, stack(0x000000c78c500000,0x000000c78c600000) (1024K)]
  0x000002636accd4f0 JavaThread "File Watcher"               daemon [_thread_blocked, id=11936, stack(0x000000c78c800000,0x000000c78c900000) (1024K)]
  0x000002636acc6bf0 JavaThread "File Watcher"               daemon [_thread_blocked, id=3148, stack(0x000000c78c900000,0x000000c78ca00000) (1024K)]
  0x0000026322a25850 JavaThread "File Watcher"               daemon [_thread_blocked, id=21192, stack(0x000000c78cc00000,0x000000c78cd00000) (1024K)]
  0x0000026322a244a0 JavaThread "File Watcher"               daemon [_thread_blocked, id=12972, stack(0x000000c78cd00000,0x000000c78ce00000) (1024K)]
  0x0000026322a230f0 JavaThread "File Watcher"               daemon [_thread_blocked, id=16500, stack(0x000000c78ce00000,0x000000c78cf00000) (1024K)]
  0x000002636acca070 JavaThread "File Watcher"               daemon [_thread_blocked, id=18768, stack(0x000000c78cf00000,0x000000c78d000000) (1024K)]
  0x0000026322a22a60 JavaThread "File Watcher"               daemon [_thread_blocked, id=9316, stack(0x000000c78d000000,0x000000c78d100000) (1024K)]
  0x000002636824b300 JavaThread "File Watcher"               daemon [_thread_blocked, id=15264, stack(0x000000c78d100000,0x000000c78d200000) (1024K)]
  0x0000026322a25ee0 JavaThread "File Watcher"               daemon [_thread_blocked, id=16596, stack(0x000000c78d200000,0x000000c78d300000) (1024K)]
  0x000002636824c020 JavaThread "File Watcher"               daemon [_thread_blocked, id=20796, stack(0x000000c78d300000,0x000000c78d400000) (1024K)]
  0x000002636accc7d0 JavaThread "File Watcher"               daemon [_thread_blocked, id=10748, stack(0x000000c78d400000,0x000000c78d500000) (1024K)]
  0x0000026322a26570 JavaThread "File Watcher"               daemon [_thread_blocked, id=17968, stack(0x000000c78d500000,0x000000c78d600000) (1024K)]
Total: 44

Other Threads:
=>0x0000026321fd04a0 VMThread "VM Thread"                           [id=20552, stack(0x000000c78a400000,0x000000c78a500000) (1024K)]
  0x0000026321fc10d0 WatcherThread "VM Periodic Task Thread"        [id=3140, stack(0x000000c78a300000,0x000000c78a400000) (1024K)]
  0x0000026311671100 WorkerThread "GC Thread#0"                     [id=8152, stack(0x000000c789e00000,0x000000c789f00000) (1024K)]
  0x000002632293fc40 WorkerThread "GC Thread#1"                     [id=11752, stack(0x000000c78b400000,0x000000c78b500000) (1024K)]
  0x000002632293ffe0 WorkerThread "GC Thread#2"                     [id=19572, stack(0x000000c78b500000,0x000000c78b600000) (1024K)]
  0x0000026322a6b4a0 WorkerThread "GC Thread#3"                     [id=8220, stack(0x000000c78b600000,0x000000c78b700000) (1024K)]
  0x0000026322a91e60 WorkerThread "GC Thread#4"                     [id=17252, stack(0x000000c78b700000,0x000000c78b800000) (1024K)]
  0x0000026322a92200 WorkerThread "GC Thread#5"                     [id=11308, stack(0x000000c78b800000,0x000000c78b900000) (1024K)]
  0x0000026322a927b0 WorkerThread "GC Thread#6"                     [id=9336, stack(0x000000c78b900000,0x000000c78ba00000) (1024K)]
  0x0000026322a941c0 WorkerThread "GC Thread#7"                     [id=18412, stack(0x000000c78ba00000,0x000000c78bb00000) (1024K)]
  0x0000026311682340 ConcurrentGCThread "G1 Main Marker"            [id=19484, stack(0x000000c789f00000,0x000000c78a000000) (1024K)]
  0x0000026311682d50 WorkerThread "G1 Conc#0"                       [id=17568, stack(0x000000c78a000000,0x000000c78a100000) (1024K)]
  0x0000026322a93a80 WorkerThread "G1 Conc#1"                       [id=14620, stack(0x000000c78c200000,0x000000c78c300000) (1024K)]
  0x0000026321e92980 ConcurrentGCThread "G1 Refine#0"               [id=7984, stack(0x000000c78a100000,0x000000c78a200000) (1024K)]
  0x0000026321e951b0 ConcurrentGCThread "G1 Service"                [id=7240, stack(0x000000c78a200000,0x000000c78a300000) (1024K)]
Total: 15

Threads with active compile tasks:
Total: 0

VM state: at safepoint (normal execution)

VM Mutex/Monitor currently owned by a thread:  ([mutex/lock_event])
[0x00007ff88279e380] Threads_lock - owner thread: 0x0000026321fd04a0
[0x00007ff88279e480] Heap_lock - owner thread: 0x0000026311682340

Heap address: 0x0000000083000000, size: 2000 MB, Compressed Oops mode: 32-bit

CDS archive(s) mapped at: [0x0000026323000000-0x0000026323c80000-0x0000026323c80000), size 13107200, SharedBaseAddress: 0x0000026323000000, ArchiveRelocationMode: 1.
Compressed class space mapped at: 0x0000026324000000-0x0000026364000000, reserved size: 1073741824
Narrow klass base: 0x0000026323000000, Narrow klass shift: 0, Narrow klass range: 0x100000000

GC Precious Log:
 CardTable entry size: 512
 Card Set container configuration: InlinePtr #cards 5 size 8 Array Of Cards #cards 12 size 40 Howl #buckets 4 coarsen threshold 1843 Howl Bitmap #cards 512 size 80 coarsen threshold 460 Card regions per heap region 1 cards per card region 2048
 CPUs: 8 total, 8 available
 Memory: 7999M
 Large Page Support: Disabled
 NUMA Support: Disabled
 Compressed Oops: Enabled (32-bit)
 Heap Region Size: 1M
 Heap Min Capacity: 8M
 Heap Initial Capacity: 126M
 Heap Max Capacity: 2000M
 Pre-touch: Disabled
 Parallel Workers: 8
 Concurrent Workers: 2
 Concurrent Refinement Workers: 8
 Periodic GC: Disabled

Heap:
 garbage-first heap   total 275456K, used 175591K [0x0000000083000000, 0x0000000100000000)
  region size 1024K, 12 young (12288K), 9 survivors (9216K)
 Metaspace       used 80318K, committed 81536K, reserved 1179648K
  class space    used 11165K, committed 11712K, reserved 1048576K

Heap Regions: E=young(eden), S=young(survivor), O=old, HS=humongous(starts), HC=humongous(continues), CS=collection set, F=free, TAMS=top-at-mark-start, PB=parsable bottom
|   0|0x0000000083000000, 0x0000000083100000, 0x0000000083100000|100%|HS|  |TAMS 0x0000000083100000| PB 0x0000000083000000| Complete 
|   1|0x0000000083100000, 0x0000000083200000, 0x0000000083200000|100%|HS|  |TAMS 0x0000000083200000| PB 0x0000000083100000| Complete 
|   2|0x0000000083200000, 0x0000000083300000, 0x0000000083300000|100%| O|  |TAMS 0x0000000083300000| PB 0x0000000083300000| Untracked 
|   3|0x0000000083300000, 0x0000000083400000, 0x0000000083400000|100%| O|  |TAMS 0x0000000083400000| PB 0x0000000083400000| Untracked 
|   4|0x0000000083400000, 0x00000000834ffff8, 0x0000000083500000| 99%| O|  |TAMS 0x00000000834ffff8| PB 0x00000000834ffff8| Untracked 
|   5|0x0000000083500000, 0x00000000835fffe0, 0x0000000083600000| 99%| O|  |TAMS 0x00000000835fffe0| PB 0x00000000835fffe0| Untracked 
|   6|0x0000000083600000, 0x0000000083700000, 0x0000000083700000|100%| O|  |TAMS 0x0000000083700000| PB 0x0000000083700000| Untracked 
|   7|0x0000000083700000, 0x0000000083800000, 0x0000000083800000|100%| O|  |TAMS 0x0000000083800000| PB 0x0000000083800000| Untracked 
|   8|0x0000000083800000, 0x00000000838fffd0, 0x0000000083900000| 99%| O|  |TAMS 0x00000000838fffd0| PB 0x00000000838fffd0| Untracked 
|   9|0x0000000083900000, 0x0000000083a00000, 0x0000000083a00000|100%| O|  |TAMS 0x0000000083a00000| PB 0x0000000083a00000| Untracked 
|  10|0x0000000083a00000, 0x0000000083afffe0, 0x0000000083b00000| 99%| O|  |TAMS 0x0000000083afffe0| PB 0x0000000083afffe0| Untracked 
|  11|0x0000000083b00000, 0x0000000083bfffd8, 0x0000000083c00000| 99%| O|  |TAMS 0x0000000083bfffd8| PB 0x0000000083bfffd8| Untracked 
|  12|0x0000000083c00000, 0x0000000083cfffe8, 0x0000000083d00000| 99%| O|  |TAMS 0x0000000083cfffe8| PB 0x0000000083cfffe8| Untracked 
|  13|0x0000000083d00000, 0x0000000083e00000, 0x0000000083e00000|100%| O|  |TAMS 0x0000000083e00000| PB 0x0000000083e00000| Untracked 
|  14|0x0000000083e00000, 0x0000000083efffe8, 0x0000000083f00000| 99%| O|  |TAMS 0x0000000083efffe8| PB 0x0000000083efffe8| Untracked 
|  15|0x0000000083f00000, 0x0000000083ffff48, 0x0000000084000000| 99%| O|  |TAMS 0x0000000083ffff48| PB 0x0000000083ffff48| Untracked 
|  16|0x0000000084000000, 0x00000000840fffd8, 0x0000000084100000| 99%| O|  |TAMS 0x00000000840fffd8| PB 0x00000000840fffd8| Untracked 
|  17|0x0000000084100000, 0x0000000084200000, 0x0000000084200000|100%| O|  |TAMS 0x0000000084200000| PB 0x0000000084200000| Updating 
|  18|0x0000000084200000, 0x00000000842ffff8, 0x0000000084300000| 99%| O|  |TAMS 0x00000000842ffff8| PB 0x00000000842ffff8| Untracked 
|  19|0x0000000084300000, 0x00000000843fffd8, 0x0000000084400000| 99%| O|  |TAMS 0x00000000843fffd8| PB 0x00000000843fffd8| Untracked 
|  20|0x0000000084400000, 0x00000000844ffff8, 0x0000000084500000| 99%| O|  |TAMS 0x00000000844ffff8| PB 0x00000000844ffff8| Updating 
|  21|0x0000000084500000, 0x00000000845fffe0, 0x0000000084600000| 99%| O|  |TAMS 0x00000000845fffe0| PB 0x00000000845fffe0| Updating 
|  22|0x0000000084600000, 0x0000000084700000, 0x0000000084700000|100%| O|  |TAMS 0x0000000084700000| PB 0x0000000084700000| Untracked 
|  23|0x0000000084700000, 0x0000000084800000, 0x0000000084800000|100%| O|  |TAMS 0x0000000084800000| PB 0x0000000084800000| Updating 
|  24|0x0000000084800000, 0x0000000084900000, 0x0000000084900000|100%| O|  |TAMS 0x0000000084900000| PB 0x0000000084900000| Untracked 
|  25|0x0000000084900000, 0x0000000084a00000, 0x0000000084a00000|100%| O|  |TAMS 0x0000000084a00000| PB 0x0000000084a00000| Untracked 
|  26|0x0000000084a00000, 0x0000000084b00000, 0x0000000084b00000|100%| O|  |TAMS 0x0000000084b00000| PB 0x0000000084b00000| Updating 
|  27|0x0000000084b00000, 0x0000000084c00000, 0x0000000084c00000|100%| O|  |TAMS 0x0000000084c00000| PB 0x0000000084c00000| Updating 
|  28|0x0000000084c00000, 0x0000000084d00000, 0x0000000084d00000|100%| O|  |TAMS 0x0000000084d00000| PB 0x0000000084d00000| Updating 
|  29|0x0000000084d00000, 0x0000000084e00000, 0x0000000084e00000|100%| O|  |TAMS 0x0000000084e00000| PB 0x0000000084e00000| Untracked 
|  30|0x0000000084e00000, 0x0000000084e00000, 0x0000000084f00000|  0%| F|  |TAMS 0x0000000084e00000| PB 0x0000000084e00000| Untracked 
|  31|0x0000000084f00000, 0x0000000085000000, 0x0000000085000000|100%| O|  |TAMS 0x0000000085000000| PB 0x0000000085000000| Updating 
|  32|0x0000000085000000, 0x0000000085100000, 0x0000000085100000|100%| O|  |TAMS 0x0000000085100000| PB 0x0000000085100000| Updating 
|  33|0x0000000085100000, 0x0000000085200000, 0x0000000085200000|100%| O|  |TAMS 0x0000000085200000| PB 0x0000000085200000| Untracked 
|  34|0x0000000085200000, 0x0000000085300000, 0x0000000085300000|100%| O|  |TAMS 0x0000000085300000| PB 0x0000000085300000| Updating 
|  35|0x0000000085300000, 0x0000000085400000, 0x0000000085400000|100%| O|  |TAMS 0x0000000085400000| PB 0x0000000085400000| Updating 
|  36|0x0000000085400000, 0x0000000085500000, 0x0000000085500000|100%| O|  |TAMS 0x0000000085500000| PB 0x0000000085500000| Untracked 
|  37|0x0000000085500000, 0x0000000085600000, 0x0000000085600000|100%| O|  |TAMS 0x0000000085600000| PB 0x0000000085600000| Updating 
|  38|0x0000000085600000, 0x0000000085700000, 0x0000000085700000|100%| O|  |TAMS 0x0000000085700000| PB 0x0000000085700000| Updating 
|  39|0x0000000085700000, 0x0000000085800000, 0x0000000085800000|100%| O|  |TAMS 0x0000000085800000| PB 0x0000000085800000| Updating 
|  40|0x0000000085800000, 0x0000000085900000, 0x0000000085900000|100%| O|  |TAMS 0x0000000085900000| PB 0x0000000085900000| Updating 
|  41|0x0000000085900000, 0x0000000085900000, 0x0000000085a00000|  0%| F|  |TAMS 0x0000000085900000| PB 0x0000000085900000| Untracked 
|  42|0x0000000085a00000, 0x0000000085b00000, 0x0000000085b00000|100%| O|  |TAMS 0x0000000085b00000| PB 0x0000000085b00000| Updating 
|  43|0x0000000085b00000, 0x0000000085c00000, 0x0000000085c00000|100%| O|  |TAMS 0x0000000085c00000| PB 0x0000000085c00000| Updating 
|  44|0x0000000085c00000, 0x0000000085d00000, 0x0000000085d00000|100%| O|  |TAMS 0x0000000085d00000| PB 0x0000000085d00000| Updating 
|  45|0x0000000085d00000, 0x0000000085e00000, 0x0000000085e00000|100%| O|  |TAMS 0x0000000085e00000| PB 0x0000000085e00000| Updating 
|  46|0x0000000085e00000, 0x0000000085f00000, 0x0000000085f00000|100%| O|  |TAMS 0x0000000085f00000| PB 0x0000000085f00000| Updating 
|  47|0x0000000085f00000, 0x0000000086000000, 0x0000000086000000|100%| O|  |TAMS 0x0000000086000000| PB 0x0000000086000000| Updating 
|  48|0x0000000086000000, 0x0000000086100000, 0x0000000086100000|100%| O|  |TAMS 0x0000000086100000| PB 0x0000000086100000| Updating 
|  49|0x0000000086100000, 0x0000000086200000, 0x0000000086200000|100%| O|  |TAMS 0x0000000086200000| PB 0x0000000086200000| Updating 
|  50|0x0000000086200000, 0x0000000086300000, 0x0000000086300000|100%| O|  |TAMS 0x0000000086300000| PB 0x0000000086300000| Updating 
|  51|0x0000000086300000, 0x0000000086400000, 0x0000000086400000|100%| O|  |TAMS 0x0000000086400000| PB 0x0000000086400000| Updating 
|  52|0x0000000086400000, 0x0000000086500000, 0x0000000086500000|100%| O|  |TAMS 0x0000000086500000| PB 0x0000000086500000| Untracked 
|  53|0x0000000086500000, 0x0000000086600000, 0x0000000086600000|100%| O|  |TAMS 0x0000000086600000| PB 0x0000000086600000| Untracked 
|  54|0x0000000086600000, 0x0000000086700000, 0x0000000086700000|100%| O|  |TAMS 0x0000000086700000| PB 0x0000000086700000| Updating 
|  55|0x0000000086700000, 0x0000000086800000, 0x0000000086800000|100%| O|  |TAMS 0x0000000086800000| PB 0x0000000086800000| Updating 
|  56|0x0000000086800000, 0x0000000086900000, 0x0000000086900000|100%| O|  |TAMS 0x0000000086900000| PB 0x0000000086900000| Updating 
|  57|0x0000000086900000, 0x0000000086a00000, 0x0000000086a00000|100%| O|  |TAMS 0x0000000086a00000| PB 0x0000000086a00000| Updating 
|  58|0x0000000086a00000, 0x0000000086b00000, 0x0000000086b00000|100%| O|  |TAMS 0x0000000086b00000| PB 0x0000000086b00000| Untracked 
|  59|0x0000000086b00000, 0x0000000086c00000, 0x0000000086c00000|100%| O|  |TAMS 0x0000000086c00000| PB 0x0000000086c00000| Updating 
|  60|0x0000000086c00000, 0x0000000086d00000, 0x0000000086d00000|100%| O|  |TAMS 0x0000000086d00000| PB 0x0000000086d00000| Updating 
|  61|0x0000000086d00000, 0x0000000086e00000, 0x0000000086e00000|100%| O|  |TAMS 0x0000000086e00000| PB 0x0000000086e00000| Untracked 
|  62|0x0000000086e00000, 0x0000000086f00000, 0x0000000086f00000|100%| O|  |TAMS 0x0000000086f00000| PB 0x0000000086f00000| Untracked 
|  63|0x0000000086f00000, 0x0000000087000000, 0x0000000087000000|100%| O|  |TAMS 0x0000000087000000| PB 0x0000000087000000| Untracked 
|  64|0x0000000087000000, 0x0000000087100000, 0x0000000087100000|100%| O|  |TAMS 0x0000000087100000| PB 0x0000000087100000| Updating 
|  65|0x0000000087100000, 0x0000000087200000, 0x0000000087200000|100%| O|  |TAMS 0x0000000087200000| PB 0x0000000087200000| Untracked 
|  66|0x0000000087200000, 0x0000000087200000, 0x0000000087300000|  0%| F|  |TAMS 0x0000000087200000| PB 0x0000000087200000| Untracked 
|  67|0x0000000087300000, 0x0000000087400000, 0x0000000087400000|100%| O|  |TAMS 0x0000000087400000| PB 0x0000000087400000| Updating 
|  68|0x0000000087400000, 0x0000000087500000, 0x0000000087500000|100%| O|  |TAMS 0x0000000087500000| PB 0x0000000087500000| Untracked 
|  69|0x0000000087500000, 0x0000000087500000, 0x0000000087600000|  0%| F|  |TAMS 0x0000000087500000| PB 0x0000000087500000| Untracked 
|  70|0x0000000087600000, 0x0000000087700000, 0x0000000087700000|100%| O|  |TAMS 0x0000000087700000| PB 0x0000000087700000| Untracked 
|  71|0x0000000087700000, 0x0000000087800000, 0x0000000087800000|100%| O|  |TAMS 0x0000000087800000| PB 0x0000000087800000| Updating 
|  72|0x0000000087800000, 0x0000000087900000, 0x0000000087900000|100%| O|  |TAMS 0x0000000087900000| PB 0x0000000087900000| Updating 
|  73|0x0000000087900000, 0x0000000087a00000, 0x0000000087a00000|100%| O|  |TAMS 0x0000000087a00000| PB 0x0000000087a00000| Updating 
|  74|0x0000000087a00000, 0x0000000087b00000, 0x0000000087b00000|100%| O|  |TAMS 0x0000000087b00000| PB 0x0000000087b00000| Updating 
|  75|0x0000000087b00000, 0x0000000087c00000, 0x0000000087c00000|100%| O|  |TAMS 0x0000000087c00000| PB 0x0000000087c00000| Updating 
|  76|0x0000000087c00000, 0x0000000087d00000, 0x0000000087d00000|100%| O|  |TAMS 0x0000000087d00000| PB 0x0000000087d00000| Updating 
|  77|0x0000000087d00000, 0x0000000087e00000, 0x0000000087e00000|100%| O|  |TAMS 0x0000000087e00000| PB 0x0000000087e00000| Updating 
|  78|0x0000000087e00000, 0x0000000087f00000, 0x0000000087f00000|100%| O|  |TAMS 0x0000000087f00000| PB 0x0000000087f00000| Untracked 
|  79|0x0000000087f00000, 0x0000000088000000, 0x0000000088000000|100%| O|  |TAMS 0x0000000088000000| PB 0x0000000088000000| Updating 
|  80|0x0000000088000000, 0x0000000088100000, 0x0000000088100000|100%| O|  |TAMS 0x0000000088100000| PB 0x0000000088100000| Updating 
|  81|0x0000000088100000, 0x0000000088200000, 0x0000000088200000|100%| O|  |TAMS 0x0000000088200000| PB 0x0000000088200000| Updating 
|  82|0x0000000088200000, 0x0000000088300000, 0x0000000088300000|100%| O|  |TAMS 0x0000000088300000| PB 0x0000000088300000| Updating 
|  83|0x0000000088300000, 0x0000000088400000, 0x0000000088400000|100%| O|  |TAMS 0x0000000088400000| PB 0x0000000088400000| Updating 
|  84|0x0000000088400000, 0x0000000088500000, 0x0000000088500000|100%| O|  |TAMS 0x0000000088500000| PB 0x0000000088500000| Untracked 
|  85|0x0000000088500000, 0x0000000088600000, 0x0000000088600000|100%| O|  |TAMS 0x0000000088600000| PB 0x0000000088600000| Updating 
|  86|0x0000000088600000, 0x0000000088700000, 0x0000000088700000|100%| O|  |TAMS 0x0000000088700000| PB 0x0000000088700000| Untracked 
|  87|0x0000000088700000, 0x0000000088800000, 0x0000000088800000|100%| O|  |TAMS 0x0000000088800000| PB 0x0000000088800000| Updating 
|  88|0x0000000088800000, 0x0000000088800000, 0x0000000088900000|  0%| F|  |TAMS 0x0000000088800000| PB 0x0000000088800000| Untracked 
|  89|0x0000000088900000, 0x0000000088a00000, 0x0000000088a00000|100%| O|  |TAMS 0x0000000088a00000| PB 0x0000000088a00000| Updating 
|  90|0x0000000088a00000, 0x0000000088a00000, 0x0000000088b00000|  0%| F|  |TAMS 0x0000000088a00000| PB 0x0000000088a00000| Untracked 
|  91|0x0000000088b00000, 0x0000000088c00000, 0x0000000088c00000|100%| O|  |TAMS 0x0000000088c00000| PB 0x0000000088c00000| Updating 
|  92|0x0000000088c00000, 0x0000000088d00000, 0x0000000088d00000|100%| O|  |TAMS 0x0000000088d00000| PB 0x0000000088d00000| Untracked 
|  93|0x0000000088d00000, 0x0000000088e00000, 0x0000000088e00000|100%| O|  |TAMS 0x0000000088e00000| PB 0x0000000088e00000| Updating 
|  94|0x0000000088e00000, 0x0000000088f00000, 0x0000000088f00000|100%| O|  |TAMS 0x0000000088f00000| PB 0x0000000088f00000| Updating 
|  95|0x0000000088f00000, 0x0000000089000000, 0x0000000089000000|100%| O|  |TAMS 0x0000000089000000| PB 0x0000000089000000| Updating 
|  96|0x0000000089000000, 0x0000000089100000, 0x0000000089100000|100%| O|  |TAMS 0x0000000089100000| PB 0x0000000089100000| Updating 
|  97|0x0000000089100000, 0x0000000089100000, 0x0000000089200000|  0%| F|  |TAMS 0x0000000089100000| PB 0x0000000089100000| Untracked 
|  98|0x0000000089200000, 0x0000000089300000, 0x0000000089300000|100%| O|  |TAMS 0x0000000089300000| PB 0x0000000089300000| Untracked 
|  99|0x0000000089300000, 0x0000000089400000, 0x0000000089400000|100%| O|  |TAMS 0x0000000089400000| PB 0x0000000089400000| Untracked 
| 100|0x0000000089400000, 0x0000000089500000, 0x0000000089500000|100%| O|  |TAMS 0x0000000089500000| PB 0x0000000089500000| Updating 
| 101|0x0000000089500000, 0x0000000089600000, 0x0000000089600000|100%| O|  |TAMS 0x0000000089600000| PB 0x0000000089600000| Updating 
| 102|0x0000000089600000, 0x0000000089700000, 0x0000000089700000|100%| O|  |TAMS 0x0000000089700000| PB 0x0000000089700000| Updating 
| 103|0x0000000089700000, 0x0000000089700000, 0x0000000089800000|  0%| F|  |TAMS 0x0000000089700000| PB 0x0000000089700000| Untracked 
| 104|0x0000000089800000, 0x0000000089900000, 0x0000000089900000|100%| O|  |TAMS 0x0000000089900000| PB 0x0000000089900000| Updating 
| 105|0x0000000089900000, 0x0000000089a00000, 0x0000000089a00000|100%| O|  |TAMS 0x0000000089a00000| PB 0x0000000089a00000| Updating 
| 106|0x0000000089a00000, 0x0000000089b00000, 0x0000000089b00000|100%| O|  |TAMS 0x0000000089b00000| PB 0x0000000089b00000| Updating 
| 107|0x0000000089b00000, 0x0000000089c00000, 0x0000000089c00000|100%| O|  |TAMS 0x0000000089c00000| PB 0x0000000089c00000| Updating 
| 108|0x0000000089c00000, 0x0000000089d00000, 0x0000000089d00000|100%| O|  |TAMS 0x0000000089d00000| PB 0x0000000089d00000| Updating 
| 109|0x0000000089d00000, 0x0000000089e00000, 0x0000000089e00000|100%| O|  |TAMS 0x0000000089e00000| PB 0x0000000089e00000| Updating 
| 110|0x0000000089e00000, 0x0000000089f00000, 0x0000000089f00000|100%| O|  |TAMS 0x0000000089f00000| PB 0x0000000089f00000| Untracked 
| 111|0x0000000089f00000, 0x000000008a000000, 0x000000008a000000|100%| O|  |TAMS 0x000000008a000000| PB 0x000000008a000000| Updating 
| 112|0x000000008a000000, 0x000000008a100000, 0x000000008a100000|100%| O|  |TAMS 0x000000008a100000| PB 0x000000008a100000| Untracked 
| 113|0x000000008a100000, 0x000000008a200000, 0x000000008a200000|100%| O|  |TAMS 0x000000008a200000| PB 0x000000008a200000| Untracked 
| 114|0x000000008a200000, 0x000000008a200000, 0x000000008a300000|  0%| F|  |TAMS 0x000000008a200000| PB 0x000000008a200000| Untracked 
| 115|0x000000008a300000, 0x000000008a400000, 0x000000008a400000|100%| O|  |TAMS 0x000000008a400000| PB 0x000000008a400000| Updating 
| 116|0x000000008a400000, 0x000000008a400000, 0x000000008a500000|  0%| F|  |TAMS 0x000000008a400000| PB 0x000000008a400000| Untracked 
| 117|0x000000008a500000, 0x000000008a600000, 0x000000008a600000|100%| O|  |TAMS 0x000000008a600000| PB 0x000000008a600000| Untracked 
| 118|0x000000008a600000, 0x000000008a700000, 0x000000008a700000|100%| O|  |TAMS 0x000000008a700000| PB 0x000000008a700000| Untracked 
| 119|0x000000008a700000, 0x000000008a800000, 0x000000008a800000|100%| O|  |TAMS 0x000000008a800000| PB 0x000000008a800000| Updating 
| 120|0x000000008a800000, 0x000000008a800000, 0x000000008a900000|  0%| F|  |TAMS 0x000000008a800000| PB 0x000000008a800000| Untracked 
| 121|0x000000008a900000, 0x000000008aa00000, 0x000000008aa00000|100%| O|  |TAMS 0x000000008aa00000| PB 0x000000008aa00000| Untracked 
| 122|0x000000008aa00000, 0x000000008ab00000, 0x000000008ab00000|100%| O|  |TAMS 0x000000008ab00000| PB 0x000000008ab00000| Updating 
| 123|0x000000008ab00000, 0x000000008ac00000, 0x000000008ac00000|100%| O|  |TAMS 0x000000008ac00000| PB 0x000000008ac00000| Updating 
| 124|0x000000008ac00000, 0x000000008ad00000, 0x000000008ad00000|100%| O|  |TAMS 0x000000008ad00000| PB 0x000000008ad00000| Updating 
| 125|0x000000008ad00000, 0x000000008ae00000, 0x000000008ae00000|100%| O|  |TAMS 0x000000008ae00000| PB 0x000000008ae00000| Updating 
| 126|0x000000008ae00000, 0x000000008af00000, 0x000000008af00000|100%| O|  |TAMS 0x000000008af00000| PB 0x000000008af00000| Untracked 
| 127|0x000000008af00000, 0x000000008b000000, 0x000000008b000000|100%| O|  |TAMS 0x000000008b000000| PB 0x000000008b000000| Updating 
| 128|0x000000008b000000, 0x000000008b100000, 0x000000008b100000|100%| O|  |TAMS 0x000000008b100000| PB 0x000000008b100000| Untracked 
| 129|0x000000008b100000, 0x000000008b100000, 0x000000008b200000|  0%| F|  |TAMS 0x000000008b100000| PB 0x000000008b100000| Untracked 
| 130|0x000000008b200000, 0x000000008b300000, 0x000000008b300000|100%| O|  |TAMS 0x000000008b300000| PB 0x000000008b300000| Updating 
| 131|0x000000008b300000, 0x000000008b400000, 0x000000008b400000|100%| O|  |TAMS 0x000000008b400000| PB 0x000000008b400000| Updating 
| 132|0x000000008b400000, 0x000000008b500000, 0x000000008b500000|100%| O|  |TAMS 0x000000008b500000| PB 0x000000008b500000| Updating 
| 133|0x000000008b500000, 0x000000008b600000, 0x000000008b600000|100%| O|  |TAMS 0x000000008b600000| PB 0x000000008b600000| Untracked 
| 134|0x000000008b600000, 0x000000008b700000, 0x000000008b700000|100%| O|  |TAMS 0x000000008b700000| PB 0x000000008b700000| Untracked 
| 135|0x000000008b700000, 0x000000008b700000, 0x000000008b800000|  0%| F|  |TAMS 0x000000008b700000| PB 0x000000008b700000| Untracked 
| 136|0x000000008b800000, 0x000000008b900000, 0x000000008b900000|100%| O|  |TAMS 0x000000008b900000| PB 0x000000008b900000| Updating 
| 137|0x000000008b900000, 0x000000008ba00000, 0x000000008ba00000|100%| O|  |TAMS 0x000000008ba00000| PB 0x000000008ba00000| Updating 
| 138|0x000000008ba00000, 0x000000008bb00000, 0x000000008bb00000|100%| O|  |TAMS 0x000000008bb00000| PB 0x000000008bb00000| Updating 
| 139|0x000000008bb00000, 0x000000008bc00000, 0x000000008bc00000|100%| O|  |TAMS 0x000000008bc00000| PB 0x000000008bc00000| Updating 
| 140|0x000000008bc00000, 0x000000008bd00000, 0x000000008bd00000|100%| O|  |TAMS 0x000000008bd00000| PB 0x000000008bd00000| Updating 
| 141|0x000000008bd00000, 0x000000008be00000, 0x000000008be00000|100%| O|  |TAMS 0x000000008be00000| PB 0x000000008be00000| Updating 
| 142|0x000000008be00000, 0x000000008bf00000, 0x000000008bf00000|100%| O|  |TAMS 0x000000008bf00000| PB 0x000000008bf00000| Updating 
| 143|0x000000008bf00000, 0x000000008bf00000, 0x000000008c000000|  0%| F|  |TAMS 0x000000008bf00000| PB 0x000000008bf00000| Untracked 
| 144|0x000000008c000000, 0x000000008c100000, 0x000000008c100000|100%| O|  |TAMS 0x000000008c100000| PB 0x000000008c100000| Updating 
| 145|0x000000008c100000, 0x000000008c200000, 0x000000008c200000|100%| O|  |TAMS 0x000000008c200000| PB 0x000000008c200000| Updating 
| 146|0x000000008c200000, 0x000000008c300000, 0x000000008c300000|100%| O|  |TAMS 0x000000008c300000| PB 0x000000008c300000| Untracked 
| 147|0x000000008c300000, 0x000000008c400000, 0x000000008c400000|100%| O|  |TAMS 0x000000008c400000| PB 0x000000008c400000| Untracked 
| 148|0x000000008c400000, 0x000000008c500000, 0x000000008c500000|100%| O|  |TAMS 0x000000008c500000| PB 0x000000008c500000| Updating 
| 149|0x000000008c500000, 0x000000008c600000, 0x000000008c600000|100%| O|  |TAMS 0x000000008c580000| PB 0x000000008c580000| Updating 
| 150|0x000000008c600000, 0x000000008c700000, 0x000000008c700000|100%| O|  |TAMS 0x000000008c600000| PB 0x000000008c600000| Untracked 
| 151|0x000000008c700000, 0x000000008c800000, 0x000000008c800000|100%| O|  |TAMS 0x000000008c700000| PB 0x000000008c700000| Untracked 
| 152|0x000000008c800000, 0x000000008c900000, 0x000000008c900000|100%| O|  |TAMS 0x000000008c800000| PB 0x000000008c800000| Untracked 
| 153|0x000000008c900000, 0x000000008ca00000, 0x000000008ca00000|100%| O|  |TAMS 0x000000008ca00000| PB 0x000000008ca00000| Updating 
| 154|0x000000008ca00000, 0x000000008cb00000, 0x000000008cb00000|100%| O|  |TAMS 0x000000008ca00000| PB 0x000000008ca00000| Untracked 
| 155|0x000000008cb00000, 0x000000008cc00000, 0x000000008cc00000|100%| O|  |TAMS 0x000000008cb00000| PB 0x000000008cb00000| Untracked 
| 156|0x000000008cc00000, 0x000000008cd00000, 0x000000008cd00000|100%| O|  |TAMS 0x000000008cc00000| PB 0x000000008cc00000| Untracked 
| 157|0x000000008cd00000, 0x000000008ce00000, 0x000000008ce00000|100%| O|  |TAMS 0x000000008cd00000| PB 0x000000008cd00000| Untracked 
| 158|0x000000008ce00000, 0x000000008cf00000, 0x000000008cf00000|100%| O|  |TAMS 0x000000008ce00000| PB 0x000000008ce00000| Untracked 
| 159|0x000000008cf00000, 0x000000008cf00000, 0x000000008d000000|  0%| F|  |TAMS 0x000000008cf00000| PB 0x000000008cf00000| Untracked 
| 160|0x000000008d000000, 0x000000008d100000, 0x000000008d100000|100%| O|  |TAMS 0x000000008d100000| PB 0x000000008d100000| Untracked 
| 161|0x000000008d100000, 0x000000008d200000, 0x000000008d200000|100%| O|  |TAMS 0x000000008d200000| PB 0x000000008d200000| Updating 
| 162|0x000000008d200000, 0x000000008d300000, 0x000000008d300000|100%| O|  |TAMS 0x000000008d200000| PB 0x000000008d200000| Untracked 
| 163|0x000000008d300000, 0x000000008d400000, 0x000000008d400000|100%| O|  |TAMS 0x000000008d300000| PB 0x000000008d300000| Untracked 
| 164|0x000000008d400000, 0x000000008d500000, 0x000000008d500000|100%| O|  |TAMS 0x000000008d400000| PB 0x000000008d400000| Untracked 
| 165|0x000000008d500000, 0x000000008d600000, 0x000000008d600000|100%| O|  |TAMS 0x000000008d500000| PB 0x000000008d500000| Untracked 
| 166|0x000000008d600000, 0x000000008d700000, 0x000000008d700000|100%| O|  |TAMS 0x000000008d600000| PB 0x000000008d600000| Untracked 
| 167|0x000000008d700000, 0x000000008d800000, 0x000000008d800000|100%| O|  |TAMS 0x000000008d700000| PB 0x000000008d700000| Untracked 
| 168|0x000000008d800000, 0x000000008d900000, 0x000000008d900000|100%| O|  |TAMS 0x000000008d900000| PB 0x000000008d900000| Updating 
| 169|0x000000008d900000, 0x000000008da00000, 0x000000008da00000|100%| O|  |TAMS 0x000000008da00000| PB 0x000000008da00000| Untracked 
| 170|0x000000008da00000, 0x000000008db00000, 0x000000008db00000|100%| O|  |TAMS 0x000000008db00000| PB 0x000000008db00000| Untracked 
| 171|0x000000008db00000, 0x000000008dc00000, 0x000000008dc00000|100%| O|  |TAMS 0x000000008dc00000| PB 0x000000008dc00000| Updating 
| 172|0x000000008dc00000, 0x000000008dd00000, 0x000000008dd00000|100%| O|  |TAMS 0x000000008dd00000| PB 0x000000008dd00000| Updating 
| 173|0x000000008dd00000, 0x000000008de00000, 0x000000008de00000|100%| O|  |TAMS 0x000000008dd00000| PB 0x000000008dd00000| Untracked 
| 174|0x000000008de00000, 0x000000008df00000, 0x000000008df00000|100%| O|  |TAMS 0x000000008de00000| PB 0x000000008de00000| Untracked 
| 175|0x000000008df00000, 0x000000008df7a070, 0x000000008e000000| 47%| O|  |TAMS 0x000000008df00000| PB 0x000000008df00000| Updating 
| 176|0x000000008e000000, 0x000000008e000000, 0x000000008e100000|  0%| F|  |TAMS 0x000000008e000000| PB 0x000000008e000000| Untracked 
| 177|0x000000008e100000, 0x000000008e100000, 0x000000008e200000|  0%| F|  |TAMS 0x000000008e100000| PB 0x000000008e100000| Untracked 
| 178|0x000000008e200000, 0x000000008e200000, 0x000000008e300000|  0%| F|  |TAMS 0x000000008e200000| PB 0x000000008e200000| Untracked 
| 179|0x000000008e300000, 0x000000008e300000, 0x000000008e400000|  0%| F|  |TAMS 0x000000008e300000| PB 0x000000008e300000| Untracked 
| 180|0x000000008e400000, 0x000000008e400000, 0x000000008e500000|  0%| F|  |TAMS 0x000000008e400000| PB 0x000000008e400000| Untracked 
| 181|0x000000008e500000, 0x000000008e500000, 0x000000008e600000|  0%| F|  |TAMS 0x000000008e500000| PB 0x000000008e500000| Untracked 
| 182|0x000000008e600000, 0x000000008e600000, 0x000000008e700000|  0%| F|  |TAMS 0x000000008e600000| PB 0x000000008e600000| Untracked 
| 183|0x000000008e700000, 0x000000008e700000, 0x000000008e800000|  0%| F|  |TAMS 0x000000008e700000| PB 0x000000008e700000| Untracked 
| 184|0x000000008e800000, 0x000000008e800000, 0x000000008e900000|  0%| F|  |TAMS 0x000000008e800000| PB 0x000000008e800000| Untracked 
| 185|0x000000008e900000, 0x000000008e900000, 0x000000008ea00000|  0%| F|  |TAMS 0x000000008e900000| PB 0x000000008e900000| Untracked 
| 186|0x000000008ea00000, 0x000000008ea00000, 0x000000008eb00000|  0%| F|  |TAMS 0x000000008ea00000| PB 0x000000008ea00000| Untracked 
| 187|0x000000008eb00000, 0x000000008eb00000, 0x000000008ec00000|  0%| F|  |TAMS 0x000000008eb00000| PB 0x000000008eb00000| Untracked 
| 188|0x000000008ec00000, 0x000000008ec00000, 0x000000008ed00000|  0%| F|  |TAMS 0x000000008ec00000| PB 0x000000008ec00000| Untracked 
| 189|0x000000008ed00000, 0x000000008ed00000, 0x000000008ee00000|  0%| F|  |TAMS 0x000000008ed00000| PB 0x000000008ed00000| Untracked 
| 190|0x000000008ee00000, 0x000000008ef00000, 0x000000008ef00000|100%| S|CS|TAMS 0x000000008ee00000| PB 0x000000008ee00000| Complete 
| 191|0x000000008ef00000, 0x000000008ef00000, 0x000000008f000000|  0%| F|  |TAMS 0x000000008ef00000| PB 0x000000008ef00000| Untracked 
| 192|0x000000008f000000, 0x000000008f000000, 0x000000008f100000|  0%| F|  |TAMS 0x000000008f000000| PB 0x000000008f000000| Untracked 
| 193|0x000000008f100000, 0x000000008f100000, 0x000000008f200000|  0%| F|  |TAMS 0x000000008f100000| PB 0x000000008f100000| Untracked 
| 194|0x000000008f200000, 0x000000008f200000, 0x000000008f300000|  0%| F|  |TAMS 0x000000008f200000| PB 0x000000008f200000| Untracked 
| 195|0x000000008f300000, 0x000000008f300000, 0x000000008f400000|  0%| F|  |TAMS 0x000000008f300000| PB 0x000000008f300000| Untracked 
| 196|0x000000008f400000, 0x000000008f400000, 0x000000008f500000|  0%| F|  |TAMS 0x000000008f400000| PB 0x000000008f400000| Untracked 
| 197|0x000000008f500000, 0x000000008f500000, 0x000000008f600000|  0%| F|  |TAMS 0x000000008f500000| PB 0x000000008f500000| Untracked 
| 198|0x000000008f600000, 0x000000008f600000, 0x000000008f700000|  0%| F|  |TAMS 0x000000008f600000| PB 0x000000008f600000| Untracked 
| 199|0x000000008f700000, 0x000000008f800000, 0x000000008f800000|100%| S|CS|TAMS 0x000000008f700000| PB 0x000000008f700000| Complete 
| 200|0x000000008f800000, 0x000000008f900000, 0x000000008f900000|100%| S|CS|TAMS 0x000000008f800000| PB 0x000000008f800000| Complete 
| 201|0x000000008f900000, 0x000000008fa00000, 0x000000008fa00000|100%| S|CS|TAMS 0x000000008f900000| PB 0x000000008f900000| Complete 
| 202|0x000000008fa00000, 0x000000008fb00000, 0x000000008fb00000|100%| S|CS|TAMS 0x000000008fa00000| PB 0x000000008fa00000| Complete 
| 203|0x000000008fb00000, 0x000000008fc00000, 0x000000008fc00000|100%| S|CS|TAMS 0x000000008fb00000| PB 0x000000008fb00000| Complete 
| 204|0x000000008fc00000, 0x000000008fd00000, 0x000000008fd00000|100%| S|CS|TAMS 0x000000008fc00000| PB 0x000000008fc00000| Complete 
| 205|0x000000008fd00000, 0x000000008fe00000, 0x000000008fe00000|100%| S|CS|TAMS 0x000000008fd00000| PB 0x000000008fd00000| Complete 
| 206|0x000000008fe00000, 0x000000008ff00000, 0x000000008ff00000|100%| S|CS|TAMS 0x000000008fe00000| PB 0x000000008fe00000| Complete 
| 207|0x000000008ff00000, 0x000000008ff00000, 0x0000000090000000|  0%| F|  |TAMS 0x000000008ff00000| PB 0x000000008ff00000| Untracked 
| 208|0x0000000090000000, 0x0000000090000000, 0x0000000090100000|  0%| F|  |TAMS 0x0000000090000000| PB 0x0000000090000000| Untracked 
| 209|0x0000000090100000, 0x0000000090100000, 0x0000000090200000|  0%| F|  |TAMS 0x0000000090100000| PB 0x0000000090100000| Untracked 
| 210|0x0000000090200000, 0x0000000090200000, 0x0000000090300000|  0%| F|  |TAMS 0x0000000090200000| PB 0x0000000090200000| Untracked 
| 211|0x0000000090300000, 0x0000000090300000, 0x0000000090400000|  0%| F|  |TAMS 0x0000000090300000| PB 0x0000000090300000| Untracked 
| 212|0x0000000090400000, 0x0000000090400000, 0x0000000090500000|  0%| F|  |TAMS 0x0000000090400000| PB 0x0000000090400000| Untracked 
| 213|0x0000000090500000, 0x0000000090500000, 0x0000000090600000|  0%| F|  |TAMS 0x0000000090500000| PB 0x0000000090500000| Untracked 
| 214|0x0000000090600000, 0x0000000090600000, 0x0000000090700000|  0%| F|  |TAMS 0x0000000090600000| PB 0x0000000090600000| Untracked 
| 215|0x0000000090700000, 0x0000000090700000, 0x0000000090800000|  0%| F|  |TAMS 0x0000000090700000| PB 0x0000000090700000| Untracked 
| 216|0x0000000090800000, 0x0000000090800000, 0x0000000090900000|  0%| F|  |TAMS 0x0000000090800000| PB 0x0000000090800000| Untracked 
| 217|0x0000000090900000, 0x0000000090900000, 0x0000000090a00000|  0%| F|  |TAMS 0x0000000090900000| PB 0x0000000090900000| Untracked 
| 218|0x0000000090a00000, 0x0000000090a00000, 0x0000000090b00000|  0%| F|  |TAMS 0x0000000090a00000| PB 0x0000000090a00000| Untracked 
| 219|0x0000000090b00000, 0x0000000090b00000, 0x0000000090c00000|  0%| F|  |TAMS 0x0000000090b00000| PB 0x0000000090b00000| Untracked 
| 220|0x0000000090c00000, 0x0000000090c00000, 0x0000000090d00000|  0%| F|  |TAMS 0x0000000090c00000| PB 0x0000000090c00000| Untracked 
| 221|0x0000000090d00000, 0x0000000090d00000, 0x0000000090e00000|  0%| F|  |TAMS 0x0000000090d00000| PB 0x0000000090d00000| Untracked 
| 222|0x0000000090e00000, 0x0000000090e00000, 0x0000000090f00000|  0%| F|  |TAMS 0x0000000090e00000| PB 0x0000000090e00000| Untracked 
| 223|0x0000000090f00000, 0x0000000090f00000, 0x0000000091000000|  0%| F|  |TAMS 0x0000000090f00000| PB 0x0000000090f00000| Untracked 
| 224|0x0000000091000000, 0x0000000091000000, 0x0000000091100000|  0%| F|  |TAMS 0x0000000091000000| PB 0x0000000091000000| Untracked 
| 225|0x0000000091100000, 0x0000000091100000, 0x0000000091200000|  0%| F|  |TAMS 0x0000000091100000| PB 0x0000000091100000| Untracked 
| 226|0x0000000091200000, 0x0000000091200000, 0x0000000091300000|  0%| F|  |TAMS 0x0000000091200000| PB 0x0000000091200000| Untracked 
| 227|0x0000000091300000, 0x0000000091300000, 0x0000000091400000|  0%| F|  |TAMS 0x0000000091300000| PB 0x0000000091300000| Untracked 
| 228|0x0000000091400000, 0x0000000091400000, 0x0000000091500000|  0%| F|  |TAMS 0x0000000091400000| PB 0x0000000091400000| Untracked 
| 229|0x0000000091500000, 0x0000000091500000, 0x0000000091600000|  0%| F|  |TAMS 0x0000000091500000| PB 0x0000000091500000| Untracked 
| 230|0x0000000091600000, 0x0000000091600000, 0x0000000091700000|  0%| F|  |TAMS 0x0000000091600000| PB 0x0000000091600000| Untracked 
| 231|0x0000000091700000, 0x0000000091700000, 0x0000000091800000|  0%| F|  |TAMS 0x0000000091700000| PB 0x0000000091700000| Untracked 
| 232|0x0000000091800000, 0x0000000091800000, 0x0000000091900000|  0%| F|  |TAMS 0x0000000091800000| PB 0x0000000091800000| Untracked 
| 233|0x0000000091900000, 0x0000000091900000, 0x0000000091a00000|  0%| F|  |TAMS 0x0000000091900000| PB 0x0000000091900000| Untracked 
| 234|0x0000000091a00000, 0x0000000091a00000, 0x0000000091b00000|  0%| F|  |TAMS 0x0000000091a00000| PB 0x0000000091a00000| Untracked 
| 235|0x0000000091b00000, 0x0000000091b00000, 0x0000000091c00000|  0%| F|  |TAMS 0x0000000091b00000| PB 0x0000000091b00000| Untracked 
| 236|0x0000000091c00000, 0x0000000091c00000, 0x0000000091d00000|  0%| F|  |TAMS 0x0000000091c00000| PB 0x0000000091c00000| Untracked 
| 237|0x0000000091d00000, 0x0000000091d00000, 0x0000000091e00000|  0%| F|  |TAMS 0x0000000091d00000| PB 0x0000000091d00000| Untracked 
| 238|0x0000000091e00000, 0x0000000091e00000, 0x0000000091f00000|  0%| F|  |TAMS 0x0000000091e00000| PB 0x0000000091e00000| Untracked 
| 239|0x0000000091f00000, 0x0000000091f00000, 0x0000000092000000|  0%| F|  |TAMS 0x0000000091f00000| PB 0x0000000091f00000| Untracked 
| 240|0x0000000092000000, 0x0000000092000000, 0x0000000092100000|  0%| F|  |TAMS 0x0000000092000000| PB 0x0000000092000000| Untracked 
| 241|0x0000000092100000, 0x0000000092100000, 0x0000000092200000|  0%| F|  |TAMS 0x0000000092100000| PB 0x0000000092100000| Untracked 
| 242|0x0000000092200000, 0x0000000092200000, 0x0000000092300000|  0%| F|  |TAMS 0x0000000092200000| PB 0x0000000092200000| Untracked 
| 243|0x0000000092300000, 0x0000000092300000, 0x0000000092400000|  0%| F|  |TAMS 0x0000000092300000| PB 0x0000000092300000| Untracked 
| 244|0x0000000092400000, 0x0000000092400000, 0x0000000092500000|  0%| F|  |TAMS 0x0000000092400000| PB 0x0000000092400000| Untracked 
| 245|0x0000000092500000, 0x0000000092500000, 0x0000000092600000|  0%| F|  |TAMS 0x0000000092500000| PB 0x0000000092500000| Untracked 
| 246|0x0000000092600000, 0x0000000092600000, 0x0000000092700000|  0%| F|  |TAMS 0x0000000092600000| PB 0x0000000092600000| Untracked 
| 247|0x0000000092700000, 0x0000000092700000, 0x0000000092800000|  0%| F|  |TAMS 0x0000000092700000| PB 0x0000000092700000| Untracked 
| 248|0x0000000092800000, 0x0000000092800000, 0x0000000092900000|  0%| F|  |TAMS 0x0000000092800000| PB 0x0000000092800000| Untracked 
| 249|0x0000000092900000, 0x0000000092900000, 0x0000000092a00000|  0%| F|  |TAMS 0x0000000092900000| PB 0x0000000092900000| Untracked 
| 250|0x0000000092a00000, 0x0000000092a00000, 0x0000000092b00000|  0%| F|  |TAMS 0x0000000092a00000| PB 0x0000000092a00000| Untracked 
| 251|0x0000000092b00000, 0x0000000092b00000, 0x0000000092c00000|  0%| F|  |TAMS 0x0000000092b00000| PB 0x0000000092b00000| Untracked 
| 252|0x0000000092c00000, 0x0000000092c00000, 0x0000000092d00000|  0%| F|  |TAMS 0x0000000092c00000| PB 0x0000000092c00000| Untracked 
| 253|0x0000000092d00000, 0x0000000092d00000, 0x0000000092e00000|  0%| F|  |TAMS 0x0000000092d00000| PB 0x0000000092d00000| Untracked 
| 254|0x0000000092e00000, 0x0000000092e00000, 0x0000000092f00000|  0%| F|  |TAMS 0x0000000092e00000| PB 0x0000000092e00000| Untracked 
| 255|0x0000000092f00000, 0x0000000092f00000, 0x0000000093000000|  0%| F|  |TAMS 0x0000000092f00000| PB 0x0000000092f00000| Untracked 
| 256|0x0000000093000000, 0x0000000093000000, 0x0000000093100000|  0%| F|  |TAMS 0x0000000093000000| PB 0x0000000093000000| Untracked 
| 257|0x0000000093100000, 0x0000000093100000, 0x0000000093200000|  0%| F|  |TAMS 0x0000000093100000| PB 0x0000000093100000| Untracked 
| 258|0x0000000093200000, 0x0000000093200000, 0x0000000093300000|  0%| F|  |TAMS 0x0000000093200000| PB 0x0000000093200000| Untracked 
| 259|0x0000000093300000, 0x0000000093300000, 0x0000000093400000|  0%| F|  |TAMS 0x0000000093300000| PB 0x0000000093300000| Untracked 
| 260|0x0000000093400000, 0x0000000093400000, 0x0000000093500000|  0%| F|  |TAMS 0x0000000093400000| PB 0x0000000093400000| Untracked 
|1992|0x00000000ff800000, 0x00000000ff800000, 0x00000000ff900000|  0%| F|  |TAMS 0x00000000ff800000| PB 0x00000000ff800000| Untracked 
|1993|0x00000000ff900000, 0x00000000ff900000, 0x00000000ffa00000|  0%| F|  |TAMS 0x00000000ff900000| PB 0x00000000ff900000| Untracked 
|1994|0x00000000ffa00000, 0x00000000ffa00000, 0x00000000ffb00000|  0%| F|  |TAMS 0x00000000ffa00000| PB 0x00000000ffa00000| Untracked 
|1995|0x00000000ffb00000, 0x00000000ffb00000, 0x00000000ffc00000|  0%| F|  |TAMS 0x00000000ffb00000| PB 0x00000000ffb00000| Untracked 
|1996|0x00000000ffc00000, 0x00000000ffc00000, 0x00000000ffd00000|  0%| F|  |TAMS 0x00000000ffc00000| PB 0x00000000ffc00000| Untracked 
|1997|0x00000000ffd00000, 0x00000000ffdf1300, 0x00000000ffe00000| 94%| E|  |TAMS 0x00000000ffd00000| PB 0x00000000ffd00000| Complete 
|1998|0x00000000ffe00000, 0x00000000fff00000, 0x00000000fff00000|100%| E|CS|TAMS 0x00000000ffe00000| PB 0x00000000ffe00000| Complete 
|1999|0x00000000fff00000, 0x0000000100000000, 0x0000000100000000|100%| E|CS|TAMS 0x00000000fff00000| PB 0x00000000fff00000| Complete 

Card table byte_map: [0x000002631d1f0000,0x000002631d5e0000] _byte_map_base: 0x000002631cdd8000

Marking Bits: (CMBitMap*) 0x0000026311671710
 Bits: [0x000002631d5e0000, 0x000002631f520000)

Polling page: 0x000002630f570000

Metaspace:

Usage:
  Non-class:     67.53 MB used.
      Class:     10.90 MB used.
       Both:     78.44 MB used.

Virtual space:
  Non-class space:      128.00 MB reserved,      68.19 MB ( 53%) committed,  2 nodes.
      Class space:        1.00 GB reserved,      11.44 MB (  1%) committed,  1 nodes.
             Both:        1.12 GB reserved,      79.62 MB (  7%) committed. 

Chunk freelists:
   Non-Class:  11.66 MB
       Class:  4.62 MB
        Both:  16.28 MB

MaxMetaspaceSize: unlimited
CompressedClassSpaceSize: 1.00 GB
Initial GC threshold: 21.00 MB
Current GC threshold: 132.31 MB
CDS: on
 - commit_granule_bytes: 65536.
 - commit_granule_words: 8192.
 - virtual_space_node_default_size: 8388608.
 - enlarge_chunks_in_place: 1.
 - use_allocation_guard: 0.


Internal statistics:

num_allocs_failed_limit: 11.
num_arena_births: 3656.
num_arena_deaths: 2440.
num_vsnodes_births: 3.
num_vsnodes_deaths: 0.
num_space_committed: 1277.
num_space_uncommitted: 3.
num_chunks_returned_to_freelist: 3096.
num_chunks_taken_from_freelist: 7789.
num_chunk_merges: 565.
num_chunk_splits: 3998.
num_chunks_enlarged: 2699.
num_inconsistent_stats: 0.

CodeCache: size=49152Kb used=17121Kb max_used=19572Kb free=32030Kb
 bounds [0x0000026319cf0000, 0x000002631b0a0000, 0x000002631ccf0000]
 total_blobs=8942 nmethods=8158 adapters=706
 compilation: enabled
              stopped_count=0, restarted_count=0
 full_count=0

Compilation events (20 events):
Event: 3473.077 Thread 0x000002632200aa60 61313       1       org.hibernate.boot.internal.InFlightMetadataCollectorImpl$TableColumnNameBinding::bindLogicalToPhysical (99 bytes)
Event: 3473.077 Thread 0x00000263696ddf30 61314       1       org.hibernate.boot.internal.InFlightMetadataCollectorImpl$TableColumnNameBinding::bindPhysicalToLogical (80 bytes)
Event: 3473.078 Thread 0x000002632200aa60 nmethod 61313 0x000002631a611290 code [0x000002631a611520, 0x000002631a611fe0]
Event: 3473.078 Thread 0x00000263696ddf30 nmethod 61314 0x000002631b009e10 code [0x000002631b00a0a0, 0x000002631b00ac20]
Event: 3473.105 Thread 0x000002632200aa60 61316       1       java.lang.String::concat (15 bytes)
Event: 3473.106 Thread 0x000002632200aa60 nmethod 61316 0x000002631a610610 code [0x000002631a610860, 0x000002631a610ef8]
Event: 3473.121 Thread 0x000002632200aa60 61317       1       org.springframework.boot.autoconfigure.r2dbc.NoConnectionFactoryBeanFailureAnalyzer::getOrder (2 bytes)
Event: 3473.121 Thread 0x000002632200aa60 nmethod 61317 0x000002631a610310 code [0x000002631a6104a0, 0x000002631a610568]
Event: 3473.124 Thread 0x00000263696ddf30 61318       1       ch.qos.logback.classic.spi.ThrowableProxy::getStackTraceElementProxyArray (5 bytes)
Event: 3473.125 Thread 0x00000263696ddf30 nmethod 61318 0x000002631ac0c110 code [0x000002631ac0c2a0, 0x000002631ac0c368]
Event: 3473.128 Thread 0x00000263696ddf30 61319       1       ch.qos.logback.classic.spi.ThrowableProxy::getSuppressed (5 bytes)
Event: 3473.128 Thread 0x000002632200aa60 61320       1       ch.qos.logback.classic.spi.ThrowableProxy::getCause (5 bytes)
Event: 3473.128 Thread 0x00000263696ddf30 nmethod 61319 0x000002631ac0bb90 code [0x000002631ac0bd20, 0x000002631ac0bde8]
Event: 3473.128 Thread 0x000002632200aa60 nmethod 61320 0x000002631b009b10 code [0x000002631b009ca0, 0x000002631b009d68]
Event: 3481.621 Thread 0x000002632200aa60 61321       1       sun.rmi.transport.ObjectEndpoint::equals (45 bytes)
Event: 3481.621 Thread 0x000002632200aa60 nmethod 61321 0x000002631b009690 code [0x000002631b009840, 0x000002631b009a28]
Event: 3481.621 Thread 0x000002632200aa60 61322       1       javax.management.remote.rmi.RMIConnectionImpl$PrivilegedOperation::<init> (20 bytes)
Event: 3481.621 Thread 0x000002632200aa60 nmethod 61322 0x000002631b009310 code [0x000002631b0094a0, 0x000002631b009608]
Event: 3481.621 Thread 0x000002632200aa60 61323   !   1       com.sun.jmx.remote.internal.ServerCommunicatorAdmin::rspOutgoing (76 bytes)
Event: 3481.624 Thread 0x000002632200aa60 nmethod 61323 0x000002631ad50910 code [0x000002631ad50ba0, 0x000002631ad511a0]

GC Heap History (20 events):
Event: 3447.079 GC heap before
{Heap before GC invocations=865 (full 16):
 garbage-first heap   total 245760K, used 206335K [0x0000000083000000, 0x0000000100000000)
  region size 1024K, 70 young (71680K), 9 survivors (9216K)
 Metaspace       used 80146K, committed 81344K, reserved 1179648K
  class space    used 11127K, committed 11648K, reserved 1048576K
}
Event: 3447.101 GC heap after
{Heap after GC invocations=866 (full 16):
 garbage-first heap   total 245760K, used 162815K [0x0000000083000000, 0x0000000100000000)
  region size 1024K, 9 young (9216K), 9 survivors (9216K)
 Metaspace       used 80146K, committed 81344K, reserved 1179648K
  class space    used 11127K, committed 11648K, reserved 1048576K
}
Event: 3450.297 GC heap before
{Heap before GC invocations=867 (full 16):
 garbage-first heap   total 254976K, used 201727K [0x0000000083000000, 0x0000000100000000)
  region size 1024K, 57 young (58368K), 9 survivors (9216K)
 Metaspace       used 80146K, committed 81344K, reserved 1179648K
  class space    used 11127K, committed 11648K, reserved 1048576K
}
Event: 3450.317 GC heap after
{Heap after GC invocations=868 (full 16):
 garbage-first heap   total 254976K, used 163327K [0x0000000083000000, 0x0000000100000000)
  region size 1024K, 8 young (8192K), 8 survivors (8192K)
 Metaspace       used 80146K, committed 81344K, reserved 1179648K
  class space    used 11127K, committed 11648K, reserved 1048576K
}
Event: 3454.441 GC heap before
{Heap before GC invocations=868 (full 16):
 garbage-first heap   total 254976K, used 218623K [0x0000000083000000, 0x0000000100000000)
  region size 1024K, 62 young (63488K), 8 survivors (8192K)
 Metaspace       used 80146K, committed 81344K, reserved 1179648K
  class space    used 11127K, committed 11648K, reserved 1048576K
}
Event: 3454.464 GC heap after
{Heap after GC invocations=869 (full 16):
 garbage-first heap   total 254976K, used 155135K [0x0000000083000000, 0x0000000100000000)
  region size 1024K, 8 young (8192K), 8 survivors (8192K)
 Metaspace       used 80146K, committed 81344K, reserved 1179648K
  class space    used 11127K, committed 11648K, reserved 1048576K
}
Event: 3459.281 GC heap before
{Heap before GC invocations=869 (full 16):
 garbage-first heap   total 254976K, used 213503K [0x0000000083000000, 0x0000000100000000)
  region size 1024K, 66 young (67584K), 8 survivors (8192K)
 Metaspace       used 80146K, committed 81344K, reserved 1179648K
  class space    used 11127K, committed 11648K, reserved 1048576K
}
Event: 3459.307 GC heap after
{Heap after GC invocations=870 (full 16):
 garbage-first heap   total 254976K, used 157183K [0x0000000083000000, 0x0000000100000000)
  region size 1024K, 9 young (9216K), 9 survivors (9216K)
 Metaspace       used 80146K, committed 81344K, reserved 1179648K
  class space    used 11127K, committed 11648K, reserved 1048576K
}
Event: 3464.235 GC heap before
{Heap before GC invocations=870 (full 16):
 garbage-first heap   total 254976K, used 212479K [0x0000000083000000, 0x0000000100000000)
  region size 1024K, 64 young (65536K), 9 survivors (9216K)
 Metaspace       used 80146K, committed 81344K, reserved 1179648K
  class space    used 11127K, committed 11648K, reserved 1048576K
}
Event: 3464.259 GC heap after
{Heap after GC invocations=871 (full 16):
 garbage-first heap   total 254976K, used 176639K [0x0000000083000000, 0x0000000100000000)
  region size 1024K, 8 young (8192K), 8 survivors (8192K)
 Metaspace       used 80146K, committed 81344K, reserved 1179648K
  class space    used 11127K, committed 11648K, reserved 1048576K
}
Event: 3466.932 GC heap before
{Heap before GC invocations=872 (full 16):
 garbage-first heap   total 275456K, used 208383K [0x0000000083000000, 0x0000000100000000)
  region size 1024K, 51 young (52224K), 8 survivors (8192K)
 Metaspace       used 80146K, committed 81344K, reserved 1179648K
  class space    used 11127K, committed 11648K, reserved 1048576K
}
Event: 3466.945 GC heap after
{Heap after GC invocations=873 (full 16):
 garbage-first heap   total 275456K, used 173567K [0x0000000083000000, 0x0000000100000000)
  region size 1024K, 7 young (7168K), 7 survivors (7168K)
 Metaspace       used 80146K, committed 81344K, reserved 1179648K
  class space    used 11127K, committed 11648K, reserved 1048576K
}
Event: 3469.709 GC heap before
{Heap before GC invocations=873 (full 16):
 garbage-first heap   total 275456K, used 231935K [0x0000000083000000, 0x0000000100000000)
  region size 1024K, 65 young (66560K), 7 survivors (7168K)
 Metaspace       used 80154K, committed 81344K, reserved 1179648K
  class space    used 11129K, committed 11648K, reserved 1048576K
}
Event: 3469.723 GC heap after
{Heap after GC invocations=874 (full 16):
 garbage-first heap   total 275456K, used 158452K [0x0000000083000000, 0x0000000100000000)
  region size 1024K, 9 young (9216K), 9 survivors (9216K)
 Metaspace       used 80154K, committed 81344K, reserved 1179648K
  class space    used 11129K, committed 11648K, reserved 1048576K
}
Event: 3473.016 GC heap before
{Heap before GC invocations=874 (full 16):
 garbage-first heap   total 275456K, used 228084K [0x0000000083000000, 0x0000000100000000)
  region size 1024K, 78 young (79872K), 9 survivors (9216K)
 Metaspace       used 80282K, committed 81408K, reserved 1179648K
  class space    used 11159K, committed 11648K, reserved 1048576K
}
Event: 3473.041 GC heap after
{Heap after GC invocations=875 (full 16):
 garbage-first heap   total 275456K, used 157695K [0x0000000083000000, 0x0000000100000000)
  region size 1024K, 10 young (10240K), 10 survivors (10240K)
 Metaspace       used 80282K, committed 81408K, reserved 1179648K
  class space    used 11159K, committed 11648K, reserved 1048576K
}
Event: 3478.976 GC heap before
{Heap before GC invocations=875 (full 16):
 garbage-first heap   total 275456K, used 229375K [0x0000000083000000, 0x0000000100000000)
  region size 1024K, 80 young (81920K), 10 survivors (10240K)
 Metaspace       used 80321K, committed 81536K, reserved 1179648K
  class space    used 11166K, committed 11712K, reserved 1048576K
}
Event: 3478.993 GC heap after
{Heap after GC invocations=876 (full 16):
 garbage-first heap   total 275456K, used 172543K [0x0000000083000000, 0x0000000100000000)
  region size 1024K, 10 young (10240K), 10 survivors (10240K)
 Metaspace       used 80321K, committed 81536K, reserved 1179648K
  class space    used 11166K, committed 11712K, reserved 1048576K
}
Event: 3483.871 GC heap before
{Heap before GC invocations=876 (full 16):
 garbage-first heap   total 275456K, used 236031K [0x0000000083000000, 0x0000000100000000)
  region size 1024K, 72 young (73728K), 10 survivors (10240K)
 Metaspace       used 80321K, committed 81536K, reserved 1179648K
  class space    used 11166K, committed 11712K, reserved 1048576K
}
Event: 3483.889 GC heap after
{Heap after GC invocations=877 (full 16):
 garbage-first heap   total 275456K, used 188903K [0x0000000083000000, 0x0000000100000000)
  region size 1024K, 9 young (9216K), 9 survivors (9216K)
 Metaspace       used 80321K, committed 81536K, reserved 1179648K
  class space    used 11166K, committed 11712K, reserved 1048576K
}

Dll operation events (10 events):
Event: 0.008 Loaded shared library C:\Program Files\Eclipse Adoptium\jdk-21.0.6.7-hotspot\bin\java.dll
Event: 0.114 Loaded shared library C:\Program Files\Eclipse Adoptium\jdk-21.0.6.7-hotspot\bin\jimage.dll
Event: 0.119 Loaded shared library C:\Program Files\Eclipse Adoptium\jdk-21.0.6.7-hotspot\bin\net.dll
Event: 0.120 Loaded shared library C:\Program Files\Eclipse Adoptium\jdk-21.0.6.7-hotspot\bin\nio.dll
Event: 0.123 Loaded shared library C:\Program Files\Eclipse Adoptium\jdk-21.0.6.7-hotspot\bin\zip.dll
Event: 0.176 Loaded shared library C:\Program Files\Eclipse Adoptium\jdk-21.0.6.7-hotspot\bin\management.dll
Event: 0.189 Loaded shared library C:\Program Files\Eclipse Adoptium\jdk-21.0.6.7-hotspot\bin\management_ext.dll
Event: 0.410 Loaded shared library C:\Program Files\Eclipse Adoptium\jdk-21.0.6.7-hotspot\bin\extnet.dll
Event: 1.363 Loaded shared library C:\Program Files\Eclipse Adoptium\jdk-21.0.6.7-hotspot\bin\sunmscapi.dll
Event: 2.708 Loaded shared library C:\Program Files\Eclipse Adoptium\jdk-21.0.6.7-hotspot\bin\verify.dll

Deoptimization events (0 events):
No events

Classes loaded (20 events):
Event: 1652.501 Loading class sun/security/provider/MD5
Event: 1652.502 Loading class sun/security/provider/MD5 done
Event: 1652.502 Loading class sun/security/provider/ByteArrayAccess$LE
Event: 1652.503 Loading class sun/security/provider/ByteArrayAccess$LE done
Event: 1653.622 Loading class java/time/DurationEditor
Event: 1653.622 Loading class java/time/DurationEditor done
Event: 1779.247 Loading class java/time/DurationEditor
Event: 1779.247 Loading class java/time/DurationEditor done
Event: 1843.757 Loading class java/time/DurationEditor
Event: 1843.757 Loading class java/time/DurationEditor done
Event: 2093.507 Loading class java/time/DurationEditor
Event: 2093.507 Loading class java/time/DurationEditor done
Event: 2630.997 Loading class java/lang/invoke/MethodHandleImpl$CountingWrapper$1
Event: 2630.998 Loading class java/lang/invoke/MethodHandleImpl$CountingWrapper$1 done
Event: 3471.945 Loading class sun/net/ConnectionResetException
Event: 3471.947 Loading class sun/net/ConnectionResetException done
Event: 3471.965 Loading class java/util/function/LongUnaryOperator
Event: 3471.966 Loading class java/util/function/LongUnaryOperator done
Event: 3471.974 Loading class sun/net/util/SocketExceptions
Event: 3471.975 Loading class sun/net/util/SocketExceptions done

Classes unloaded (20 events):
Event: 3429.163 Thread 0x0000026321fd04a0 Unloading class 0x0000026324b4d400 'jdk/internal/reflect/GeneratedSerializationConstructorAccessor181'
Event: 3429.163 Thread 0x0000026321fd04a0 Unloading class 0x0000026324b27000 'org/apache/catalina/loader/JdbcLeakPrevention'
Event: 3429.163 Thread 0x0000026321fd04a0 Unloading class 0x0000026324b4d800 'java/lang/invoke/LambdaForm$MH+0x0000026324b4d800'
Event: 3429.163 Thread 0x0000026321fd04a0 Unloading class 0x0000026324b4d000 'java/lang/invoke/LambdaForm$MH+0x0000026324b4d000'
Event: 3429.163 Thread 0x0000026321fd04a0 Unloading class 0x0000026324b4c400 'java/lang/invoke/LambdaForm$MH+0x0000026324b4c400'
Event: 3429.163 Thread 0x0000026321fd04a0 Unloading class 0x0000026324b4c000 'java/lang/invoke/LambdaForm$MH+0x0000026324b4c000'
Event: 3429.163 Thread 0x0000026321fd04a0 Unloading class 0x0000026324b4ac00 'java/lang/invoke/LambdaForm$MH+0x0000026324b4ac00'
Event: 3429.163 Thread 0x0000026321fd04a0 Unloading class 0x0000026324b4a000 'java/lang/invoke/LambdaForm$MH+0x0000026324b4a000'
Event: 3429.163 Thread 0x0000026321fd04a0 Unloading class 0x0000026324b46c00 'java/lang/invoke/LambdaForm$MH+0x0000026324b46c00'
Event: 3429.163 Thread 0x0000026321fd04a0 Unloading class 0x0000026324b45000 'java/lang/invoke/LambdaForm$MH+0x0000026324b45000'
Event: 3429.163 Thread 0x0000026321fd04a0 Unloading class 0x0000026324b44800 'java/lang/invoke/LambdaForm$MH+0x0000026324b44800'
Event: 3429.163 Thread 0x0000026321fd04a0 Unloading class 0x0000026324b42400 'java/lang/invoke/LambdaForm$MH+0x0000026324b42400'
Event: 3429.163 Thread 0x0000026321fd04a0 Unloading class 0x0000026324b42000 'java/lang/invoke/LambdaForm$MH+0x0000026324b42000'
Event: 3429.163 Thread 0x0000026321fd04a0 Unloading class 0x0000026324b41800 'java/lang/invoke/LambdaForm$MH+0x0000026324b41800'
Event: 3429.163 Thread 0x0000026321fd04a0 Unloading class 0x0000026324afec00 'java/lang/invoke/LambdaForm$MH+0x0000026324afec00'
Event: 3429.163 Thread 0x0000026321fd04a0 Unloading class 0x0000026324b24400 'java/lang/invoke/LambdaForm$MH+0x0000026324b24400'
Event: 3429.163 Thread 0x0000026321fd04a0 Unloading class 0x0000026324b30800 'java/lang/invoke/LambdaForm$MH+0x0000026324b30800'
Event: 3429.163 Thread 0x0000026321fd04a0 Unloading class 0x0000026324b25c00 'java/lang/invoke/LambdaForm$MH+0x0000026324b25c00'
Event: 3429.163 Thread 0x0000026321fd04a0 Unloading class 0x0000026324afe400 'java/lang/invoke/LambdaForm$MH+0x0000026324afe400'
Event: 3484.016 Thread 0x0000026321fd04a0 Unloading class 0x0000026324b52000 'org/apache/catalina/loader/JdbcLeakPrevention'

Classes redefined (0 events):
No events

Internal exceptions (20 events):
Event: 3431.234 Thread 0x000002636accc140 Implicit null exception at 0x000002631a566343 to 0x000002631a566565
Event: 3431.234 Thread 0x000002636accc140 Exception <a 'java/lang/NullPointerException'{0x000000008f39c608}> (0x000000008f39c608) 
thrown [s\src\hotspot\share\runtime\sharedRuntime.cpp, line 625]
Event: 3431.333 Thread 0x000002636accc140 Implicit null exception at 0x000002631a566343 to 0x000002631a566565
Event: 3431.333 Thread 0x000002636accc140 Exception <a 'java/lang/NullPointerException'{0x00000000ffe0e7b0}> (0x00000000ffe0e7b0) 
thrown [s\src\hotspot\share\runtime\sharedRuntime.cpp, line 625]
Event: 3431.362 Thread 0x0000026322a26c00 Exception <a 'java/lang/NoClassDefFoundError'{0x00000000ffffec20}: Admin> (0x00000000ffffec20) 
thrown [s\src\hotspot\share\classfile\systemDictionary.cpp, line 301]
Event: 3431.432 Thread 0x000002636accad90 Exception <a 'java/lang/InterruptedException'{0x00000000ffec4630}: sleep interrupted> (0x00000000ffec4630) 
thrown [s\src\hotspot\share\prims\jvm.cpp, line 3074]
Event: 3431.457 Thread 0x0000026322a26c00 Exception <a 'java/lang/NoClassDefFoundError'{0x00000000ffe7e680}: liquibase/exception/ChangeLogParseException> (0x00000000ffe7e680) 
thrown [s\src\hotspot\share\classfile\systemDictionary.cpp, line 301]
Event: 3469.247 Thread 0x000002636accad90 Exception <a 'sun/nio/fs/WindowsException'{0x000000009154f7a0}> (0x000000009154f7a0) 
thrown [s\src\hotspot\share\prims\jni.cpp, line 520]
Event: 3470.122 Thread 0x000002636accad90 Exception <a 'java/lang/NoClassDefFoundError'{0x0000000092d2b0c8}: org/flywaydb/core/Flyway> (0x0000000092d2b0c8) 
thrown [s\src\hotspot\share\oops\constantPool.cpp, line 873]
Event: 3470.122 Thread 0x000002636accad90 Exception <a 'java/lang/NoClassDefFoundError'{0x0000000092d2b728}: liquibase/integration/spring/SpringLiquibase> (0x0000000092d2b728) 
thrown [s\src\hotspot\share\oops\constantPool.cpp, line 873]
Event: 3470.132 Thread 0x000002636accad90 Exception <a 'java/lang/NoClassDefFoundError'{0x0000000092daa120}: org/jooq/DSLContext> (0x0000000092daa120) 
thrown [s\src\hotspot\share\oops\constantPool.cpp, line 873]
Event: 3470.133 Thread 0x000002636accad90 Exception <a 'java/lang/NoClassDefFoundError'{0x0000000092db58e0}: org/springframework/batch/core/repository/JobRepository> (0x0000000092db58e0) 
thrown [s\src\hotspot\share\oops\constantPool.cpp, line 873]
Event: 3470.133 Thread 0x000002636accad90 Exception <a 'java/lang/NoClassDefFoundError'{0x0000000092db5f38}: org/quartz/Scheduler> (0x0000000092db5f38) 
thrown [s\src\hotspot\share\oops\constantPool.cpp, line 873]
Event: 3470.133 Thread 0x000002636accad90 Exception <a 'java/lang/NoClassDefFoundError'{0x0000000092db65b8}: org/springframework/session/jdbc/JdbcIndexedSessionRepository> (0x0000000092db65b8) 
thrown [s\src\hotspot\share\oops\constantPool.cpp, line 873]
Event: 3470.323 Thread 0x000002636accad90 Exception <a 'java/io/FileNotFoundException'{0x000000009241cfd0}> (0x000000009241cfd0) 
thrown [s\src\hotspot\share\prims\jni.cpp, line 520]
Event: 3471.947 Thread 0x000002636accad90 Exception <a 'sun/net/ConnectionResetException'{0x000000009169d7c0}: Connection reset> (0x000000009169d7c0) 
thrown [s\src\hotspot\share\prims\jni.cpp, line 539]
Event: 3471.968 Thread 0x000002636accad90 Exception <a 'java/lang/NoSuchMethodError'{0x000000009083c620}: 'long java.lang.invoke.DirectMethodHandle$Holder.invokeStatic(java.lang.Object, long)'> (0x000000009083c620) 
thrown [s\src\hotspot\share\interpreter\linkResolver.cpp, line 773]
Event: 3473.092 Thread 0x000002636accad90 Exception <a 'java/lang/NoClassDefFoundError'{0x00000000ffd5a608}: Member> (0x00000000ffd5a608) 
thrown [s\src\hotspot\share\classfile\systemDictionary.cpp, line 301]
Event: 3473.100 Thread 0x000002636acc7280 Exception <a 'java/lang/InterruptedException'{0x00000000ffdc8e60}: sleep interrupted> (0x00000000ffdc8e60) 
thrown [s\src\hotspot\share\prims\jvm.cpp, line 3074]
Event: 3473.115 Thread 0x000002636accad90 Exception <a 'java/lang/NoClassDefFoundError'{0x00000000ffdacec0}: liquibase/exception/ChangeLogParseException> (0x00000000ffdacec0) 
thrown [s\src\hotspot\share\classfile\systemDictionary.cpp, line 301]

ZGC Phase Switch (0 events):
No events

VM Operations (20 events):
Event: 3464.390 Executing VM operation: G1PauseRemark done
Event: 3464.445 Executing VM operation: G1PauseCleanup
Event: 3464.445 Executing VM operation: G1PauseCleanup done
Event: 3466.931 Executing VM operation: G1CollectForAllocation (G1 Evacuation Pause)
Event: 3466.945 Executing VM operation: G1CollectForAllocation (G1 Evacuation Pause) done
Event: 3469.709 Executing VM operation: G1CollectForAllocation (G1 Evacuation Pause)
Event: 3469.723 Executing VM operation: G1CollectForAllocation (G1 Evacuation Pause) done
Event: 3472.753 Executing VM operation: Cleanup
Event: 3472.753 Executing VM operation: Cleanup done
Event: 3473.016 Executing VM operation: G1CollectForAllocation (G1 Evacuation Pause)
Event: 3473.041 Executing VM operation: G1CollectForAllocation (G1 Evacuation Pause) done
Event: 3474.048 Executing VM operation: Cleanup
Event: 3474.048 Executing VM operation: Cleanup done
Event: 3477.073 Executing VM operation: Cleanup
Event: 3477.073 Executing VM operation: Cleanup done
Event: 3478.976 Executing VM operation: G1CollectForAllocation (G1 Evacuation Pause)
Event: 3478.993 Executing VM operation: G1CollectForAllocation (G1 Evacuation Pause) done
Event: 3483.871 Executing VM operation: G1CollectForAllocation (G1 Evacuation Pause)
Event: 3483.889 Executing VM operation: G1CollectForAllocation (G1 Evacuation Pause) done
Event: 3484.016 Executing VM operation: G1PauseRemark

Memory protections (0 events):
No events

Nmethod flushes (20 events):
Event: 3099.593 Thread 0x0000026321fd04a0 flushing  nmethod 0x000002631ac03c90
Event: 3099.593 Thread 0x0000026321fd04a0 flushing  nmethod 0x000002631ac6e610
Event: 3099.593 Thread 0x0000026321fd04a0 flushing  nmethod 0x000002631ac70790
Event: 3099.593 Thread 0x0000026321fd04a0 flushing  nmethod 0x000002631ac73c10
Event: 3099.593 Thread 0x0000026321fd04a0 flushing  nmethod 0x000002631ac76c10
Event: 3099.593 Thread 0x0000026321fd04a0 flushing  nmethod 0x000002631acceb90
Event: 3099.593 Thread 0x0000026321fd04a0 flushing  nmethod 0x000002631ad35f90
Event: 3099.593 Thread 0x0000026321fd04a0 flushing  nmethod 0x000002631ad37910
Event: 3099.593 Thread 0x0000026321fd04a0 flushing  nmethod 0x000002631ad56b90
Event: 3099.593 Thread 0x0000026321fd04a0 flushing  nmethod 0x000002631ad5b490
Event: 3099.593 Thread 0x0000026321fd04a0 flushing  nmethod 0x000002631ad7e110
Event: 3099.593 Thread 0x0000026321fd04a0 flushing  nmethod 0x000002631ada8b90
Event: 3099.593 Thread 0x0000026321fd04a0 flushing  nmethod 0x000002631adf9790
Event: 3099.593 Thread 0x0000026321fd04a0 flushing  nmethod 0x000002631ae02810
Event: 3099.593 Thread 0x0000026321fd04a0 flushing  nmethod 0x000002631ae2b890
Event: 3099.593 Thread 0x0000026321fd04a0 flushing  nmethod 0x000002631aff9390
Event: 3099.593 Thread 0x0000026321fd04a0 flushing  nmethod 0x000002631b002e90
Event: 3201.544 Thread 0x0000026321fd04a0 flushing  nmethod 0x000002631affcd10
Event: 3201.544 Thread 0x0000026321fd04a0 flushing  nmethod 0x000002631ad7bc10
Event: 3212.000 Thread 0x0000026321fd04a0 flushing  nmethod 0x000002631ad48210

Events (20 events):
Event: 3431.481 Thread 0x000002636824c6b0 Thread added: 0x000002636accc7d0
Event: 3469.217 Thread 0x000002636824c6b0 Thread added: 0x000002636accad90
Event: 3469.383 Thread 0x000002636accad90 Thread added: 0x000002636acc6560
Event: 3469.474 Thread 0x000002636acc6560 Thread exited: 0x000002636acc6560
Event: 3470.408 Thread 0x000002636accad90 Thread added: 0x000002636accc140
Event: 3470.409 Thread 0x000002636accad90 Thread added: 0x000002636acc6560
Event: 3470.409 Thread 0x000002636accad90 Thread added: 0x000002636acc7280
Event: 3471.956 Thread 0x000002632200aa60 Thread added: 0x00000263696decd0
Event: 3471.972 Thread 0x000002636accad90 Thread added: 0x0000026322a26c00
Event: 3471.972 Thread 0x000002636accad90 Thread added: 0x0000026322a24b30
Event: 3472.988 Thread 0x00000263696decd0 Thread exited: 0x00000263696decd0
Event: 3473.071 Thread 0x000002632200aa60 Thread added: 0x00000263696ddf30
Event: 3473.100 Thread 0x000002636acc7280 Thread exited: 0x000002636acc7280
Event: 3473.117 Thread 0x000002636accc140 Thread exited: 0x000002636accc140
Event: 3473.117 Thread 0x000002636acc6560 Thread exited: 0x000002636acc6560
Event: 3473.131 Thread 0x000002636accad90 Thread exited: 0x000002636accad90
Event: 3473.131 Thread 0x000002636824c6b0 Thread added: 0x0000026322a26570
Event: 3476.981 Thread 0x0000026322a24b30 Thread exited: 0x0000026322a24b30
Event: 3476.981 Thread 0x0000026322a26c00 Thread exited: 0x0000026322a26c00
Event: 3478.134 Thread 0x00000263696ddf30 Thread exited: 0x00000263696ddf30


Dynamic libraries:
0x00007ff6ee240000 - 0x00007ff6ee24e000 	C:\Program Files\Eclipse Adoptium\jdk-21.0.6.7-hotspot\bin\javaw.exe
0x00007ff8e3590000 - 0x00007ff8e37a7000 	C:\WINDOWS\SYSTEM32\ntdll.dll
0x00007ff8e1d70000 - 0x00007ff8e1e34000 	C:\WINDOWS\System32\KERNEL32.DLL
0x00007ff8e0870000 - 0x00007ff8e0c40000 	C:\WINDOWS\System32\KERNELBASE.dll
0x00007ff8e0c40000 - 0x00007ff8e0d51000 	C:\WINDOWS\System32\ucrtbase.dll
0x00007ff8d7d20000 - 0x00007ff8d7d3e000 	C:\Program Files\Eclipse Adoptium\jdk-21.0.6.7-hotspot\bin\VCRUNTIME140.dll
0x00007ff8d63a0000 - 0x00007ff8d63b8000 	C:\Program Files\Eclipse Adoptium\jdk-21.0.6.7-hotspot\bin\jli.dll
0x00007ff8e1280000 - 0x00007ff8e142e000 	C:\WINDOWS\System32\USER32.dll
0x00007ff8e10e0000 - 0x00007ff8e1106000 	C:\WINDOWS\System32\win32u.dll
0x00007ff8bc1b0000 - 0x00007ff8bc442000 	C:\WINDOWS\WinSxS\amd64_microsoft.windows.common-controls_6595b64144ccf1df_6.0.22621.4830_none_270fe7d773858e80\COMCTL32.dll
0x00007ff8e19a0000 - 0x00007ff8e19c9000 	C:\WINDOWS\System32\GDI32.dll
0x00007ff8e1b20000 - 0x00007ff8e1bc7000 	C:\WINDOWS\System32\msvcrt.dll
0x00007ff8e0f40000 - 0x00007ff8e105b000 	C:\WINDOWS\System32\gdi32full.dll
0x00007ff8e0de0000 - 0x00007ff8e0e7a000 	C:\WINDOWS\System32\msvcp_win.dll
0x00007ff8e1550000 - 0x00007ff8e1581000 	C:\WINDOWS\System32\IMM32.DLL
0x00007ff8d7d80000 - 0x00007ff8d7d8c000 	C:\Program Files\Eclipse Adoptium\jdk-21.0.6.7-hotspot\bin\vcruntime140_1.dll
0x00007ff89a930000 - 0x00007ff89a9bd000 	C:\Program Files\Eclipse Adoptium\jdk-21.0.6.7-hotspot\bin\msvcp140.dll
0x00007ff881af0000 - 0x00007ff882880000 	C:\Program Files\Eclipse Adoptium\jdk-21.0.6.7-hotspot\bin\server\jvm.dll
0x00007ff8e1cb0000 - 0x00007ff8e1d61000 	C:\WINDOWS\System32\ADVAPI32.dll
0x00007ff8e1be0000 - 0x00007ff8e1c87000 	C:\WINDOWS\System32\sechost.dll
0x00007ff8e0840000 - 0x00007ff8e0868000 	C:\WINDOWS\System32\bcrypt.dll
0x00007ff8e1430000 - 0x00007ff8e1544000 	C:\WINDOWS\System32\RPCRT4.dll
0x00007ff8e19d0000 - 0x00007ff8e1a41000 	C:\WINDOWS\System32\WS2_32.dll
0x00007ff8df700000 - 0x00007ff8df74d000 	C:\WINDOWS\SYSTEM32\POWRPROF.dll
0x00007ff8d3ed0000 - 0x00007ff8d3eda000 	C:\WINDOWS\SYSTEM32\VERSION.dll
0x00007ff8d5c70000 - 0x00007ff8d5ca4000 	C:\WINDOWS\SYSTEM32\WINMM.dll
0x00007ff8df6c0000 - 0x00007ff8df6d3000 	C:\WINDOWS\SYSTEM32\UMPDC.dll
0x00007ff8df970000 - 0x00007ff8df988000 	C:\WINDOWS\SYSTEM32\kernel.appcore.dll
0x00007ff8d7d10000 - 0x00007ff8d7d1a000 	C:\Program Files\Eclipse Adoptium\jdk-21.0.6.7-hotspot\bin\jimage.dll
0x00007ff8de150000 - 0x00007ff8de382000 	C:\WINDOWS\SYSTEM32\DBGHELP.DLL
0x00007ff8e1600000 - 0x00007ff8e1990000 	C:\WINDOWS\System32\combase.dll
0x00007ff8e3470000 - 0x00007ff8e3547000 	C:\WINDOWS\System32\OLEAUT32.dll
0x00007ff8b62a0000 - 0x00007ff8b62d2000 	C:\WINDOWS\SYSTEM32\dbgcore.DLL
0x00007ff8e1060000 - 0x00007ff8e10db000 	C:\WINDOWS\System32\bcryptPrimitives.dll
0x00007ff8d6380000 - 0x00007ff8d639f000 	C:\Program Files\Eclipse Adoptium\jdk-21.0.6.7-hotspot\bin\java.dll
0x00007ff8e27c0000 - 0x00007ff8e3038000 	C:\WINDOWS\System32\SHELL32.dll
0x00007ff8de7a0000 - 0x00007ff8df0b0000 	C:\WINDOWS\SYSTEM32\windows.storage.dll
0x00007ff8de660000 - 0x00007ff8de79f000 	C:\WINDOWS\SYSTEM32\wintypes.dll
0x00007ff8e2500000 - 0x00007ff8e260a000 	C:\WINDOWS\System32\SHCORE.dll
0x00007ff8e1590000 - 0x00007ff8e15ee000 	C:\WINDOWS\System32\shlwapi.dll
0x00007ff8e0770000 - 0x00007ff8e079b000 	C:\WINDOWS\SYSTEM32\profapi.dll
0x00007ff8d58e0000 - 0x00007ff8d58f0000 	C:\Program Files\Eclipse Adoptium\jdk-21.0.6.7-hotspot\bin\net.dll
0x00007ff8d6f90000 - 0x00007ff8d70bc000 	C:\WINDOWS\SYSTEM32\WINHTTP.dll
0x00007ff8dfdf0000 - 0x00007ff8dfe5a000 	C:\WINDOWS\system32\mswsock.dll
0x00007ff8d58c0000 - 0x00007ff8d58d6000 	C:\Program Files\Eclipse Adoptium\jdk-21.0.6.7-hotspot\bin\nio.dll
0x00007ff8d58a0000 - 0x00007ff8d58b8000 	C:\Program Files\Eclipse Adoptium\jdk-21.0.6.7-hotspot\bin\zip.dll
0x00007ff8d4330000 - 0x00007ff8d433a000 	C:\Program Files\Eclipse Adoptium\jdk-21.0.6.7-hotspot\bin\management.dll
0x00007ff8cf220000 - 0x00007ff8cf22b000 	C:\Program Files\Eclipse Adoptium\jdk-21.0.6.7-hotspot\bin\management_ext.dll
0x00007ff8e1990000 - 0x00007ff8e1998000 	C:\WINDOWS\System32\PSAPI.DLL
0x00007ff8b0bb0000 - 0x00007ff8b0bc7000 	C:\WINDOWS\system32\napinsp.dll
0x00007ff8b0bd0000 - 0x00007ff8b0beb000 	C:\WINDOWS\system32\pnrpnsp.dll
0x00007ff8df3f0000 - 0x00007ff8df4f2000 	C:\WINDOWS\SYSTEM32\DNSAPI.dll
0x00007ff8df380000 - 0x00007ff8df3ad000 	C:\WINDOWS\SYSTEM32\IPHLPAPI.DLL
0x00007ff8e1bd0000 - 0x00007ff8e1bd9000 	C:\WINDOWS\System32\NSI.dll
0x00007ff8b0ad0000 - 0x00007ff8b0ae1000 	C:\WINDOWS\System32\winrnr.dll
0x00007ff8b1510000 - 0x00007ff8b1525000 	C:\WINDOWS\system32\wshbth.dll
0x00007ff8b0ce0000 - 0x00007ff8b0d07000 	C:\WINDOWS\system32\nlansp_c.dll
0x00007ff8d4040000 - 0x00007ff8d404a000 	C:\Windows\System32\rasadhlp.dll
0x00007ff8d3f00000 - 0x00007ff8d3f83000 	C:\WINDOWS\System32\fwpuclnt.dll
0x00007ff8e0040000 - 0x00007ff8e005b000 	C:\WINDOWS\SYSTEM32\CRYPTSP.dll
0x00007ff8df8d0000 - 0x00007ff8df905000 	C:\WINDOWS\system32\rsaenh.dll
0x00007ff8dfee0000 - 0x00007ff8dff08000 	C:\WINDOWS\SYSTEM32\USERENV.dll
0x00007ff8e0060000 - 0x00007ff8e006c000 	C:\WINDOWS\SYSTEM32\CRYPTBASE.dll
0x00007ff8cc860000 - 0x00007ff8cc869000 	C:\Program Files\Eclipse Adoptium\jdk-21.0.6.7-hotspot\bin\extnet.dll
0x00007ff8cc850000 - 0x00007ff8cc85e000 	C:\Program Files\Eclipse Adoptium\jdk-21.0.6.7-hotspot\bin\sunmscapi.dll
0x00007ff8e1110000 - 0x00007ff8e1276000 	C:\WINDOWS\System32\CRYPT32.dll
0x00007ff8e0200000 - 0x00007ff8e022d000 	C:\WINDOWS\SYSTEM32\ncrypt.dll
0x00007ff8e01c0000 - 0x00007ff8e01f7000 	C:\WINDOWS\SYSTEM32\NTASN1.dll
0x00007ff8cc720000 - 0x00007ff8cc730000 	C:\Program Files\Eclipse Adoptium\jdk-21.0.6.7-hotspot\bin\verify.dll
0x00007ff862190000 - 0x00007ff862198000 	C:\WINDOWS\system32\wshunix.dll

dbghelp: loaded successfully - version: 4.0.5 - missing functions: none
symbol engine: initialized successfully - sym options: 0x614 - pdb path: .;C:\Program Files\Eclipse Adoptium\jdk-21.0.6.7-hotspot\bin;C:\WINDOWS\SYSTEM32;C:\WINDOWS\WinSxS\amd64_microsoft.windows.common-controls_6595b64144ccf1df_6.0.22621.4830_none_270fe7d773858e80;C:\Program Files\Eclipse Adoptium\jdk-21.0.6.7-hotspot\bin\server

VM Arguments:
jvm_args: -Dcom.sun.management.jmxremote -Dcom.sun.management.jmxremote.port=63733 -Dcom.sun.management.jmxremote.authenticate=false -Dcom.sun.management.jmxremote.ssl=false -Djava.rmi.server.hostname=localhost -Dspring.jmx.enabled=true -Dmanagement.endpoints.jmx.exposure.include=* -Dspring.application.admin.enabled=true -Dspring.output.ansi.enabled=always -XX:TieredStopAtLevel=1 -Dspring.boot.project.name=petTopia -Dfile.encoding=UTF-8 -Dstdout.encoding=UTF-8 -Dstderr.encoding=UTF-8 -XX:+ShowCodeDetailsInExceptionMessages 
java_command: petTopia.PetTopiaApplication
java_class_path (initial): C:\petTopia\workspace\petTopia\target\classes;C:\Users\elieen2127\.m2\repository\org\springframework\boot\spring-boot-starter-data-jpa\3.4.2\spring-boot-starter-data-jpa-3.4.2.jar;C:\Users\elieen2127\.m2\repository\org\springframework\boot\spring-boot-starter\3.4.2\spring-boot-starter-3.4.2.jar;C:\Users\elieen2127\.m2\repository\org\springframework\boot\spring-boot-starter-logging\3.4.2\spring-boot-starter-logging-3.4.2.jar;C:\Users\elieen2127\.m2\repository\ch\qos\logback\logback-classic\1.5.16\logback-classic-1.5.16.jar;C:\Users\elieen2127\.m2\repository\ch\qos\logback\logback-core\1.5.16\logback-core-1.5.16.jar;C:\Users\elieen2127\.m2\repository\org\apache\logging\log4j\log4j-to-slf4j\2.24.3\log4j-to-slf4j-2.24.3.jar;C:\Users\elieen2127\.m2\repository\org\apache\logging\log4j\log4j-api\2.24.3\log4j-api-2.24.3.jar;C:\Users\elieen2127\.m2\repository\org\slf4j\jul-to-slf4j\2.0.16\jul-to-slf4j-2.0.16.jar;C:\Users\elieen2127\.m2\repository\jakarta\annotation\jakarta.annotation-api\2.1.1\jakarta.annotation-api-2.1.1.jar;C:\Users\elieen2127\.m2\repository\org\yaml\snakeyaml\2.3\snakeyaml-2.3.jar;C:\Users\elieen2127\.m2\repository\org\springframework\boot\spring-boot-starter-jdbc\3.4.2\spring-boot-starter-jdbc-3.4.2.jar;C:\Users\elieen2127\.m2\repository\com\zaxxer\HikariCP\5.1.0\HikariCP-5.1.0.jar;C:\Users\elieen2127\.m2\repository\org\springframework\spring-jdbc\6.2.2\spring-jdbc-6.2.2.jar;C:\Users\elieen2127\.m2\repository\org\hibernate\orm\hibernate-core\6.6.5.Final\hibernate-core-6.6.5.Final.jar;C:\Users\elieen2127\.m2\repository\jakarta\persistence\jakarta.persistence-api\3.1.0\jakarta.persistence-api-3.1.0.jar;C:\Users\elieen2127\.m2\repository\jakarta\transaction\jakarta.transaction-api\2.0.1\jakarta.transaction-api-2.0.1.jar;C:\Users\elieen2127\.m2\repository\org\jboss\logging\jboss-logging\3.6.1.Final\jboss-logging-3.6.1.Final.jar;C:\Users\elieen2127\.m2\repository\org\hibernate\common\hibernate-commons-annotations\7.0.3.Final\hibernate-commons-annotations-7.0.3.Final.jar;C:\Users\elieen2127\.m2\repository\io\smallrye\jandex\3.2.0\jandex-3.2.0.jar;C:\Users\elieen2127\.m2\repository\com\fasterxml\classmate\1.7.0\classmate-1.7.0.jar;C:\Users\elieen2127\.m2\repository\net\bytebuddy\byte-buddy\1.15.11\byte-buddy-1.15.11.jar;C:\Users\elieen2127\.m2\repository\org\glassfish\jaxb\jaxb-runtime\4.0.5\jaxb-runtime-4.0.5.jar;C:\Users\elieen2127\.m2\repository\org\glassfish\jaxb\jaxb-core\4.0.5\jaxb-core-4.0.5.jar;C:\Users\elieen2127\.m2\repository\org\eclipse\angus\angus-activation\2.0.2\angus-activation-2.0.2.jar;C:\Users\elieen2127\.m2\repository\org\glassfish\jaxb\txw2\4.0.5\txw2-4.0.5.jar;C:\Users\elieen2127\.m2\repository\com\sun\istack\istack-commons-runtime\4.1.2\istack-commons-runtime-4.1.2.jar;C:\Users\elieen2127\.m2\repository\jakarta\inject\jakarta.inject-api\2.0.1\jakarta.inject-api-2.0.1.jar;C:\Users\elieen2127\.m2\repository\org\antlr\antlr4-runtime\4.13.0\antlr4-runtime-4.13.0.jar;C:\Users\elieen2127\.m2\repository\org\springframework\data\spring-data-jpa\3.4.2\spring-data-jpa-3.4.2.jar;C:\Users\elieen2127\.m2\repository\org\springframework\data\spring-data-commons\3.4.2\spring-data-commons-3.4.2.jar;C:\Users\elieen2127\.m2\repository\org\springframework\spring-orm\6.2.2\spring-orm-6.2.2.jar;C:\Users\elieen2127\.m2\repository\org\springframework\spring-context\6.2.2\spring-context-6.2.2.jar;C:\Users\elieen2127\.m2\repository\org\springframework\spring-aop\6.2.2\spring-aop-6.2.2.jar;C:\Users\elieen2127\.m2\repository\org\springframework\spring-tx\6.2.2\spring-tx-6.2.2.jar;C:\Users\elieen2127\.m2\repository\org\springframework\spring-beans\6.2.2\spring-beans-6.2.2.jar;C:\Users\elieen2127\.m2\repository\org\slf4j\slf4j-api\2.0.16\slf4j-api-2.0.16.jar;C:\Users\elieen2127\.m2\repository\org\springframework\spring-aspects\6.2.2\spring-aspects-6.2.2.jar;C:\Users\elieen2127\.m2\repository\org\aspectj\aspectjweaver\1.9.22.1\aspectjweaver-1.9.22.1.jar;C:\Users\elieen2127\.m2\repository\org\springframework\boot\spring-boot-starter-thymeleaf\3.4.2\spring-boot-starter-thymeleaf-3.4.2.jar;C:\Users\elieen2127\.m2\repository\org\thymeleaf\thymeleaf-spring6\3.1.3.RELEASE\thymeleaf-spring6-3.1.3.RELEASE.jar;C:\Users\elieen2127\.m2\repository\org\thymeleaf\thymeleaf\3.1.3.RELEASE\thymeleaf-3.1.3.RELEASE.jar;C:\Users\elieen2127\.m2\repository\org\attoparser\attoparser\2.0.7.RELEASE\attoparser-2.0.7.RELEASE.jar;C:\Users\elieen2127\.m2\repository\org\unbescape\unbescape\1.1.6.RELEASE\unbescape-1.1.6.RELEASE.jar;C:\Users\elieen2127\.m2\repository\org\springframework\boot\spring-boot-starter-web\3.4.2\spring-boot-starter-web-3.4.2.jar;C:\Users\elieen2127\.m2\repository\org\springframework\boot\spring-boot-starter-json\3.4.2\spring-boot-starter-json-3.4.2.jar;C:\Users\elieen2127\.m2\repository\com\fasterxml\jackson\core\jackson-databind\2.18.2\jackson-databind-2.18.2.jar;C:\Users\elieen2127\.m2\repository\com\fasterxml\jackson\core\jackson-annotations\2.18.2\jackson-annotations-2.18.2.jar;C:\Users\elieen2127\.m2\repository\com\fasterxml\jackson\core\jackson-core\2.18.2\jackson-core-2.18.2.jar;C:\Users\elieen2127\.m2\repository\com\fasterxml\jackson\datatype\jackson-datatype-jdk8\2.18.2\jackson-datatype-jdk8-2.18.2.jar;C:\Users\elieen2127\.m2\repository\com\fasterxml\jackson\datatype\jackson-datatype-jsr310\2.18.2\jackson-datatype-jsr310-2.18.2.jar;C:\Users\elieen2127\.m2\repository\com\fasterxml\jackson\module\jackson-module-parameter-names\2.18.2\jackson-module-parameter-names-2.18.2.jar;C:\Users\elieen2127\.m2\repository\org\springframework\boot\spring-boot-starter-tomcat\3.4.2\spring-boot-starter-tomcat-3.4.2.jar;C:\Users\elieen2127\.m2\repository\org\apache\tomcat\embed\tomcat-embed-core\10.1.34\tomcat-embed-core-10.1.34.jar;C:\Users\elieen2127\.m2\repository\org\apache\tomcat\embed\tomcat-embed-websocket\10.1.34\tomcat-embed-websocket-10.1.34.jar;C:\Users\elieen2127\.m2\repository\org\springframework\spring-web\6.2.2\spring-web-6.2.2.jar;C:\Users\elieen2127\.m2\repository\io\micrometer\micrometer-observation\1.14.3\micrometer-observation-1.14.3.jar;C:\Users\elieen2127\.m2\repository\io\micrometer\micrometer-commons\1.14.3\micrometer-commons-1.14.3.jar;C:\Users\elieen2127\.m2\repository\org\springframework\spring-webmvc\6.2.2\spring-webmvc-6.2.2.jar;C:\Users\elieen2127\.m2\repository\org\springframework\spring-expression\6.2.2\spring-expression-6.2.2.jar;C:\Users\elieen2127\.m2\repository\org\springframework\boot\spring-boot-devtools\3.4.2\spring-boot-devtools-3.4.2.jar;C:\Users\elieen2127\.m2\repository\org\springframework\boot\spring-boot\3.4.2\spring-boot-3.4.2.jar;C:\Users\elieen2127\.m2\repository\org\springframework\boot\spring-boot-autoconfigure\3.4.2\spring-boot-autoconfigure-3.4.2.jar;C:\Users\elieen2127\.m2\repository\com\microsoft\sqlserver\mssql-jdbc\12.8.1.jre11\mssql-jdbc-12.8.1.jre11.jar;C:\Users\elieen2127\.m2\repository\org\projectlombok\lombok\1.18.36\lombok-1.18.36.jar;C:\Users\elieen2127\.m2\repository\org\springframework\boot\spring-boot-configuration-processor\3.4.2\spring-boot-configuration-processor-3.4.2.jar;C:\Users\elieen2127\.m2\repository\org\springframework\boot\spring-boot-starter-validation\3.4.2\spring-boot-starter-validation-3.4.2.jar;C:\Users\elieen2127\.m2\repository\org\apache\tomcat\embed\tomcat-embed-el\10.1.34\tomcat-embed-el-10.1.34.jar;C:\Users\elieen2127\.m2\repository\org\hibernate\validator\hibernate-validator\8.0.2.Final\hibernate-validator-8.0.2.Final.jar;C:\Users\elieen2127\.m2\repository\jakarta\validation\jakarta.validation-api\3.0.2\jakarta.validation-api-3.0.2.jar;C:\Users\elieen2127\.m2\repository\org\apache\commons\commons-lang3\3.17.0\commons-lang3-3.17.0.jar;C:\Users\elieen2127\.m2\repository\jakarta\xml\bind\jakarta.xml.bind-api\4.0.2\jakarta.xml.bind-api-4.0.2.jar;C:\Users\elieen2127\.m2\repository\jakarta\activation\jakarta.activation-api\2.1.3\jakarta.activation-api-2.1.3.jar;C:\Users\elieen2127\.m2\repository\org\springframework\spring-core\6.2.2\spring-core-6.2.2.jar;C:\Users\elieen2127\.m2\repository\org\springframework\spring-jcl\6.2.2\spring-jcl-6.2.2.jar
Launcher Type: SUN_STANDARD

[Global flags]
     intx CICompilerCount                          = 4                                         {product} {ergonomic}
     uint ConcGCThreads                            = 2                                         {product} {ergonomic}
     uint G1ConcRefinementThreads                  = 8                                         {product} {ergonomic}
   size_t G1HeapRegionSize                         = 1048576                                   {product} {ergonomic}
    uintx GCDrainStackTargetSize                   = 64                                        {product} {ergonomic}
   size_t InitialHeapSize                          = 132120576                                 {product} {ergonomic}
     bool ManagementServer                         = true                                      {product} {command line}
   size_t MarkStackSize                            = 4194304                                   {product} {ergonomic}
   size_t MaxHeapSize                              = 2097152000                                {product} {ergonomic}
   size_t MaxNewSize                               = 1258291200                                {product} {ergonomic}
   size_t MinHeapDeltaBytes                        = 1048576                                   {product} {ergonomic}
   size_t MinHeapSize                              = 8388608                                   {product} {ergonomic}
    uintx NonNMethodCodeHeapSize                   = 4096                                   {pd product} {ergonomic}
    uintx NonProfiledCodeHeapSize                  = 0                                      {pd product} {ergonomic}
     bool ProfileInterpreter                       = false                                  {pd product} {command line}
    uintx ProfiledCodeHeapSize                     = 0                                      {pd product} {ergonomic}
     bool ShowCodeDetailsInExceptionMessages       = true                                   {manageable} {command line}
   size_t SoftMaxHeapSize                          = 2097152000                             {manageable} {ergonomic}
     intx TieredStopAtLevel                        = 1                                         {product} {command line}
     bool UseCompressedOops                        = true                           {product lp64_product} {ergonomic}
     bool UseG1GC                                  = true                                      {product} {ergonomic}
     bool UseLargePagesIndividualAllocation        = false                                  {pd product} {ergonomic}

Logging:
Log output configuration:
 #0: stdout all=warning uptime,level,tags foldmultilines=false
 #1: stderr all=off uptime,level,tags foldmultilines=false

Environment Variables:
JAVA_HOME=C:\Program Files\Eclipse Adoptium\jdk-21.0.6.7-hotspot
PATH=C:/springBoot/spring-tool-suite-4-4.28.1/sts-4.28.1.RELEASE//plugins/org.eclipse.justj.openjdk.hotspot.jre.full.win32.x86_64_21.0.6.v20250130-0529/jre/bin/server;C:/springBoot/spring-tool-suite-4-4.28.1/sts-4.28.1.RELEASE//plugins/org.eclipse.justj.openjdk.hotspot.jre.full.win32.x86_64_21.0.6.v20250130-0529/jre/bin;C:\Program Files\Eclipse Adoptium\jdk-21.0.6.7-hotspot\bin;C:\Program Files\Eclipse Adoptium\jdk-21.0.6.7-hotspot\bin;C:\Program Files\Eclipse Adoptium\jdk-11.0.25.9-hotspot\bin;C:\Program Files\Common Files\Oracle\Java\javapath;C:\Windows\system32;C:\Windows;C:\Windows\System32\Wbem;C:\Windows\System32\WindowsPowerShell\v1.0\;C:\Windows\System32\OpenSSH\;C:\Program Files (x86)\Intel\Intel(R) Management Engine Components\DAL;C:\Program Files\Intel\Intel(R) Management Engine Components\DAL;C:\Program Files\Intel\WiFi\bin\;C:\Program Files\Common Files\Intel\WirelessCommon\;C:\Program Files (x86)\NVIDIA Corporation\PhysX\Common;D:\download_2019-08-11_00-10-19\runtime\win64;D:\download_2019-08-11_00-10-19\bin;C:\Program Files\MATLAB\R2014a\runtime\win64;C:\Program Files\MATLAB\R2014a\bin;C:\Program Files\MATLAB\R2014a\polyspace\bin;D:\download_2019-08-11_00-10-19\polyspace\bin;C:\Program Files\Microsoft SQL Server\120\Tools\Binn\;D:\Matlab 2014a\runtime\win64;D:\Matlab 2014a\bin;D:\Matlab 2014a\polyspace\bin;C:\WINDOWS\system32;C:\WINDOWS;C:\WINDOWS\System32\Wbem;C:\WINDOWS\System32\WindowsPowerShell\v1.0\;C:\WINDOWS\System32\OpenSSH\;C:\Program Files\dotnet\;C:\Program Files (x86)\Microsoft SQL Server\160\Tools\Binn\;C:\Program Files\Microsoft SQL Server\160\Tools\Binn\;C:\Program Files\Microsoft SQL Server\Client SDK\ODBC\170\Tools\Binn\;C:\Program Files\Microsoft SQL Server\160\DTS\Binn\;C:\Program Files (x86)\Microsoft SQL Server\160\DTS\Binn\;C:\Program Files\Git\cmd;C:\Users\elieen2127\AppData\Local\Microsoft\WindowsApps;C:\Users\elieen2127\AppData\Local\Programs\Microsoft VS Code\bin;C:\springBoot\spring-tool-suite-4-4.28.1\sts-4.28.1.RELEASE;
USERNAME=elieen2127
OS=Windows_NT
PROCESSOR_IDENTIFIER=Intel64 Family 6 Model 142 Stepping 12, GenuineIntel
TMP=C:\Users\ELIEEN~1\AppData\Local\Temp
TEMP=C:\Users\ELIEEN~1\AppData\Local\Temp




Periodic native trim disabled

---------------  S Y S T E M  ---------------

OS:
 Windows 11 , 64 bit Build 22621 (10.0.22621.4830)
OS uptime: 1 days 16:01 hours

CPU: total 8 (initial active 8) (4 cores per cpu, 2 threads per core) family 6 model 142 stepping 12 microcode 0xde, cx8, cmov, fxsr, ht, mmx, 3dnowpref, sse, sse2, sse3, ssse3, sse4.1, sse4.2, popcnt, lzcnt, tsc, tscinvbit, avx, avx2, aes, erms, clmul, bmi1, bmi2, adx, fma, vzeroupper, clflush, clflushopt, rdtscp, f16c
Processor Information for the first 8 processors :
  Max Mhz: 1800, Current Mhz: 1600, Mhz Limit: 1584

Memory: 4k page, system-wide physical 7999M (928M free)
TotalPageFile size 20981M (AvailPageFile size 3M)
current process WorkingSet (physical memory assigned to process): 421M, peak: 432M
current process commit charge ("private bytes"): 506M, peak: 521M

vm_info: OpenJDK 64-Bit Server VM (21.0.6+7-LTS) for windows-amd64 JRE (21.0.6+7-LTS), built on 2025-01-21T00:00:00Z by "admin" with MS VC++ 17.7 (VS2022)

END.
